	Account Domain:		-
	Logon ID:		0x0

Process Information:
	New Process ID:		0x1388
	New Process Name:	C
	Token Elevation Type:	%%1936
	Mandatory Label:		S-1-16-12288
	Creator Process ID:	0x12f4
	Creator Process Name:	C
	Process Command Line:	

Token Elevation Type indicates the type of token that was assigned to the new process in accordance with User Account Control policy.

Type 1 is a full token with no privileges removed or groups disabled.  A full token is only used if User Account Control is disabled or if the user is the built-in Administrator account or a service account.

Type 2 is an elevated token with no privileges removed or groups disabled.  An elevated token is used when User Account Control is enabled and the user chooses to start the program using Run as administrator.  An elevated token is also used when an application is configured to always require administrative privilege or to always require maximum privilege, and the user is a member of the Administrators group.

Type 3 is a limited token with administrative privileges removed and administrative groups disabled.  The limited token is used when User Account Control is enabled, the application does not require administrative privilege, and the user does not choose to start the program using Run as administrator.","Microsoft-Windows-Security-Auditing","System.String[]","4688","12/11/2019 2:22:06 PM","12/11/2019 2:22:06 PM",,,
"5059","ISEC2077-VM01.isec2077.ca","System.Byte[]","54387","(12292)","12292","SuccessAudit","Key migration operation.

Subject:
	Security ID:		S-1-5-19
	Account Name:		LOCAL SERVICE
	Account Domain:		NT AUTHORITY
	Logon ID:		0x3e5

Cryptographic Parameters:
	Provider Name:	Microsoft Software Key Storage Provider
	Algorithm Name:	ECDSA_P256
	Key Name:	Administrator@isec2077.ca
	Key Type:	%%2500

Additional Information:
	Operation:	%%2464
	Return Code:	0x0","Microsoft-Windows-Security-Auditing","System.String[]","5059","12/11/2019 2:22:06 PM","12/11/2019 2:22:06 PM",,,
"5061","ISEC2077-VM01.isec2077.ca","System.Byte[]","54386","(12290)","12290","SuccessAudit","Cryptographic operation.

Subject:
	Security ID:		S-1-5-19
	Account Name:		LOCAL SERVICE
	Account Domain:		NT AUTHORITY
	Logon ID:		0x3e5

Cryptographic Parameters:
	Provider Name:	Microsoft Software Key Storage Provider
	Algorithm Name:	ECDSA_P256
	Key Name:	Administrator@isec2077.ca
	Key Type:	%%2500

Cryptographic Operation:
	Operation:	%%2480
	Return Code:	0x0","Microsoft-Windows-Security-Auditing","System.String[]","5061","12/11/2019 2:22:06 PM","12/11/2019 2:22:06 PM",,,
"5058","ISEC2077-VM01.isec2077.ca","System.Byte[]","54385","(12292)","12292","SuccessAudit","Key file operation.

Subject:
	Security ID:		S-1-5-19
	Account Name:		LOCAL SERVICE
	Account Domain:		NT AUTHORITY
	Logon ID:		0x3e5

Cryptographic Parameters:
	Provider Name:	Microsoft Software Key Storage Provider
	Algorithm Name:	UNKNOWN
	Key Name:	Administrator@isec2077.ca
	Key Type:	%%2500

Key File Operation Information:
	File Path:	C:\Windows\ServiceProfiles\LocalService\AppData\Roaming\Microsoft\Crypto\Keys\b44461aa5bd8f8f720df734a27d34346_03f4f147-de38-4a52-aba0-65d76ef590cd
	Operation:	%%2458
	Return Code:	0x0","Microsoft-Windows-Security-Auditing","System.String[]","5058","12/11/2019 2:22:06 PM","12/11/2019 2:22:06 PM",,,
"4688","ISEC2077-VM01.isec2077.ca","System.Byte[]","54384","(13312)","13312","SuccessAudit","A new process has been created.

Creator Subject:
	Security ID:		S-1-5-18
	Account Name:		ISEC2077-VM01$
	Account Domain:		ISEC2077
	Logon ID:		0x3e7

Target Subject:
	Security ID:		S-1-0-0
	Account Name:		Administrator
	Account Domain:		ISEC2077
	Logon ID:		0xac2ee

Process Information:
	New Process ID:		0x12f4
	New Process Name:	C
	Token Elevation Type:	%%1936
	Mandatory Label:		S-1-16-12288
	Creator Process ID:	0x22c
	Creator Process Name:	C
	Process Command Line:	

Token Elevation Type indicates the type of token that was assigned to the new process in accordance with User Account Control policy.

Type 1 is a full token with no privileges removed or groups disabled.  A full token is only used if User Account Control is disabled or if the user is the built-in Administrator account or a service account.

Type 2 is an elevated token with no privileges removed or groups disabled.  An elevated token is used when User Account Control is enabled and the user chooses to start the program using Run as administrator.  An elevated token is also used when an application is configured to always require administrative privilege or to always require maximum privilege, and the user is a member of the Administrators group.

Type 3 is a limited token with administrative privileges removed and administrative groups disabled.  The limited token is used when User Account Control is enabled, the application does not require administrative privilege, and the user does not choose to start the program using Run as administrator.","Microsoft-Windows-Security-Auditing","System.String[]","4688","12/11/2019 2:22:06 PM","12/11/2019 2:22:06 PM",,,
"5059","ISEC2077-VM01.isec2077.ca","System.Byte[]","54383","(12292)","12292","SuccessAudit","Key migration operation.

Subject:
	Security ID:		S-1-5-19
	Account Name:		LOCAL SERVICE
	Account Domain:		NT AUTHORITY
	Logon ID:		0x3e5

Cryptographic Parameters:
	Provider Name:	Microsoft Software Key Storage Provider
	Algorithm Name:	ECDSA_P256
	Key Name:	Microsoft Connected Devices Platform device certificate
	Key Type:	%%2500

Additional Information:
	Operation:	%%2464
	Return Code:	0x0","Microsoft-Windows-Security-Auditing","System.String[]","5059","12/11/2019 2:22:06 PM","12/11/2019 2:22:06 PM",,,
"5061","ISEC2077-VM01.isec2077.ca","System.Byte[]","54382","(12290)","12290","SuccessAudit","Cryptographic operation.

Subject:
	Security ID:		S-1-5-19
	Account Name:		LOCAL SERVICE
	Account Domain:		NT AUTHORITY
	Logon ID:		0x3e5

Cryptographic Parameters:
	Provider Name:	Microsoft Software Key Storage Provider
	Algorithm Name:	ECDSA_P256
	Key Name:	Microsoft Connected Devices Platform device certificate
	Key Type:	%%2500

Cryptographic Operation:
	Operation:	%%2480
	Return Code:	0x0","Microsoft-Windows-Security-Auditing","System.String[]","5061","12/11/2019 2:22:06 PM","12/11/2019 2:22:06 PM",,,
"5058","ISEC2077-VM01.isec2077.ca","System.Byte[]","54381","(12292)","12292","SuccessAudit","Key file operation.

Subject:
	Security ID:		S-1-5-19
	Account Name:		LOCAL SERVICE
	Account Domain:		NT AUTHORITY
	Logon ID:		0x3e5

Cryptographic Parameters:
	Provider Name:	Microsoft Software Key Storage Provider
	Algorithm Name:	UNKNOWN
	Key Name:	Microsoft Connected Devices Platform device certificate
	Key Type:	%%2500

Key File Operation Information:
	File Path:	C:\Windows\ServiceProfiles\LocalService\AppData\Roaming\Microsoft\Crypto\Keys\de7cf8a7901d2ad13e5c67c29e5d1662_03f4f147-de38-4a52-aba0-65d76ef590cd
	Operation:	%%2458
	Return Code:	0x0","Microsoft-Windows-Security-Auditing","System.String[]","5058","12/11/2019 2:22:06 PM","12/11/2019 2:22:06 PM",,,
"4688","ISEC2077-VM01.isec2077.ca","System.Byte[]","54380","(13312)","13312","SuccessAudit","A new process has been created.

Creator Subject:
	Security ID:		S-1-5-18
	Account Name:		ISEC2077-VM01$
	Account Domain:		ISEC2077
	Logon ID:		0x3e7

Target Subject:
	Security ID:		S-1-0-0
	Account Name:		Administrator
	Account Domain:		ISEC2077
	Logon ID:		0xac2ee

Process Information:
	New Process ID:		0x1254
	New Process Name:	C
	Token Elevation Type:	%%1936
	Mandatory Label:		S-1-16-12288
	Creator Process ID:	0x518
	Creator Process Name:	C
	Process Command Line:	

Token Elevation Type indicates the type of token that was assigned to the new process in accordance with User Account Control policy.

Type 1 is a full token with no privileges removed or groups disabled.  A full token is only used if User Account Control is disabled or if the user is the built-in Administrator account or a service account.

Type 2 is an elevated token with no privileges removed or groups disabled.  An elevated token is used when User Account Control is enabled and the user chooses to start the program using Run as administrator.  An elevated token is also used when an application is configured to always require administrative privilege or to always require maximum privilege, and the user is a member of the Administrators group.

Type 3 is a limited token with administrative privileges removed and administrative groups disabled.  The limited token is used when User Account Control is enabled, the application does not require administrative privilege, and the user does not choose to start the program using Run as administrator.","Microsoft-Windows-Security-Auditing","System.String[]","4688","12/11/2019 2:22:06 PM","12/11/2019 2:22:06 PM",,,
"4688","ISEC2077-VM01.isec2077.ca","System.Byte[]","54379","(13312)","13312","SuccessAudit","A new process has been created.

Creator Subject:
	Security ID:		S-1-5-18
	Account Name:		ISEC2077-VM01$
	Account Domain:		ISEC2077
	Logon ID:		0x3e7

Target Subject:
	Security ID:		S-1-0-0
	Account Name:		Administrator
	Account Domain:		ISEC2077
	Logon ID:		0xac2ee

Process Information:
	New Process ID:		0x1264
	New Process Name:	C
	Token Elevation Type:	%%1936
	Mandatory Label:		S-1-16-12288
	Creator Process ID:	0x518
	Creator Process Name:	C
	Process Command Line:	

Token Elevation Type indicates the type of token that was assigned to the new process in accordance with User Account Control policy.

Type 1 is a full token with no privileges removed or groups disabled.  A full token is only used if User Account Control is disabled or if the user is the built-in Administrator account or a service account.

Type 2 is an elevated token with no privileges removed or groups disabled.  An elevated token is used when User Account Control is enabled and the user chooses to start the program using Run as administrator.  An elevated token is also used when an application is configured to always require administrative privilege or to always require maximum privilege, and the user is a member of the Administrators group.

Type 3 is a limited token with administrative privileges removed and administrative groups disabled.  The limited token is used when User Account Control is enabled, the application does not require administrative privilege, and the user does not choose to start the program using Run as administrator.","Microsoft-Windows-Security-Auditing","System.String[]","4688","12/11/2019 2:22:06 PM","12/11/2019 2:22:06 PM",,,
"4688","ISEC2077-VM01.isec2077.ca","System.Byte[]","54378","(13312)","13312","SuccessAudit","A new process has been created.

Creator Subject:
	Security ID:		S-1-5-18
	Account Name:		ISEC2077-VM01$
	Account Domain:		ISEC2077
	Logon ID:		0x3e7

Target Subject:
	Security ID:		S-1-0-0
	Account Name:		Administrator
	Account Domain:		ISEC2077
	Logon ID:		0xac2ee

Process Information:
	New Process ID:		0x1248
	New Process Name:	C
	Token Elevation Type:	%%1936
	Mandatory Label:		S-1-16-12288
	Creator Process ID:	0x518
	Creator Process Name:	C
	Process Command Line:	

Token Elevation Type indicates the type of token that was assigned to the new process in accordance with User Account Control policy.

Type 1 is a full token with no privileges removed or groups disabled.  A full token is only used if User Account Control is disabled or if the user is the built-in Administrator account or a service account.

Type 2 is an elevated token with no privileges removed or groups disabled.  An elevated token is used when User Account Control is enabled and the user chooses to start the program using Run as administrator.  An elevated token is also used when an application is configured to always require administrative privilege or to always require maximum privilege, and the user is a member of the Administrators group.

Type 3 is a limited token with administrative privileges removed and administrative groups disabled.  The limited token is used when User Account Control is enabled, the application does not require administrative privilege, and the user does not choose to start the program using Run as administrator.","Microsoft-Windows-Security-Auditing","System.String[]","4688","12/11/2019 2:22:06 PM","12/11/2019 2:22:06 PM",,,
"4688","ISEC2077-VM01.isec2077.ca","System.Byte[]","54377","(13312)","13312","SuccessAudit","A new process has been created.

Creator Subject:
	Security ID:		S-1-5-18
	Account Name:		ISEC2077-VM01$
	Account Domain:		ISEC2077
	Logon ID:		0x3e7

Target Subject:
	Security ID:		S-1-0-0
	Account Name:		Administrator
	Account Domain:		ISEC2077
	Logon ID:		0xac2ee

Process Information:
	New Process ID:		0x1270
	New Process Name:	C
	Token Elevation Type:	%%1936
	Mandatory Label:		S-1-16-12288
	Creator Process ID:	0x260
	Creator Process Name:	C
	Process Command Line:	

Token Elevation Type indicates the type of token that was assigned to the new process in accordance with User Account Control policy.

Type 1 is a full token with no privileges removed or groups disabled.  A full token is only used if User Account Control is disabled or if the user is the built-in Administrator account or a service account.

Type 2 is an elevated token with no privileges removed or groups disabled.  An elevated token is used when User Account Control is enabled and the user chooses to start the program using Run as administrator.  An elevated token is also used when an application is configured to always require administrative privilege or to always require maximum privilege, and the user is a member of the Administrators group.

Type 3 is a limited token with administrative privileges removed and administrative groups disabled.  The limited token is used when User Account Control is enabled, the application does not require administrative privilege, and the user does not choose to start the program using Run as administrator.","Microsoft-Windows-Security-Auditing","System.String[]","4688","12/11/2019 2:22:06 PM","12/11/2019 2:22:06 PM",,,
"4697","ISEC2077-VM01.isec2077.ca","System.Byte[]","54376","(12289)","12289","SuccessAudit","A service was installed in the system.

Subject:
	Security ID:		S-1-5-18
	Account Name:		ISEC2077-VM01$
	Account Domain:		ISEC2077
	Logon ID:		0x3e7

Service Information:
	Service Name: 		WpnUserService_ad9d9
	Service File Name:	C:\Windows\system32\svchost.exe -k UnistackSvcGroup
	Service Type: 		0xe0
	Service Start Type:	3
	Service Account: 		LocalSystem","Microsoft-Windows-Security-Auditing","System.String[]","4697","12/11/2019 2:22:06 PM","12/11/2019 2:22:06 PM",,,
"4697","ISEC2077-VM01.isec2077.ca","System.Byte[]","54375","(12289)","12289","SuccessAudit","A service was installed in the system.

Subject:
	Security ID:		S-1-5-18
	Account Name:		ISEC2077-VM01$
	Account Domain:		ISEC2077
	Logon ID:		0x3e7

Service Information:
	Service Name: 		UserDataSvc_ad9d9
	Service File Name:	C:\Windows\system32\svchost.exe -k UnistackSvcGroup
	Service Type: 		0xe0
	Service Start Type:	3
	Service Account: 		LocalSystem","Microsoft-Windows-Security-Auditing","System.String[]","4697","12/11/2019 2:22:06 PM","12/11/2019 2:22:06 PM",,,
"4697","ISEC2077-VM01.isec2077.ca","System.Byte[]","54374","(12289)","12289","SuccessAudit","A service was installed in the system.

Subject:
	Security ID:		S-1-5-18
	Account Name:		ISEC2077-VM01$
	Account Domain:		ISEC2077
	Logon ID:		0x3e7

Service Information:
	Service Name: 		UnistoreSvc_ad9d9
	Service File Name:	C:\Windows\System32\svchost.exe -k UnistackSvcGroup
	Service Type: 		0xe0
	Service Start Type:	3
	Service Account: 		LocalSystem","Microsoft-Windows-Security-Auditing","System.String[]","4697","12/11/2019 2:22:06 PM","12/11/2019 2:22:06 PM",,,
"4697","ISEC2077-VM01.isec2077.ca","System.Byte[]","54373","(12289)","12289","SuccessAudit","A service was installed in the system.

Subject:
	Security ID:		S-1-5-18
	Account Name:		ISEC2077-VM01$
	Account Domain:		ISEC2077
	Logon ID:		0x3e7

Service Information:
	Service Name: 		PimIndexMaintenanceSvc_ad9d9
	Service File Name:	C:\Windows\system32\svchost.exe -k UnistackSvcGroup
	Service Type: 		0xe0
	Service Start Type:	3
	Service Account: 		LocalSystem","Microsoft-Windows-Security-Auditing","System.String[]","4697","12/11/2019 2:22:06 PM","12/11/2019 2:22:06 PM",,,
"4697","ISEC2077-VM01.isec2077.ca","System.Byte[]","54372","(12289)","12289","SuccessAudit","A service was installed in the system.

Subject:
	Security ID:		S-1-5-18
	Account Name:		ISEC2077-VM01$
	Account Domain:		ISEC2077
	Logon ID:		0x3e7

Service Information:
	Service Name: 		OneSyncSvc_ad9d9
	Service File Name:	C:\Windows\system32\svchost.exe -k UnistackSvcGroup
	Service Type: 		0xe0
	Service Start Type:	2
	Service Account: 		LocalSystem","Microsoft-Windows-Security-Auditing","System.String[]","4697","12/11/2019 2:22:06 PM","12/11/2019 2:22:06 PM",,,
"4697","ISEC2077-VM01.isec2077.ca","System.Byte[]","54371","(12289)","12289","SuccessAudit","A service was installed in the system.

Subject:
	Security ID:		S-1-5-18
	Account Name:		ISEC2077-VM01$
	Account Domain:		ISEC2077
	Logon ID:		0x3e7

Service Information:
	Service Name: 		CDPUserSvc_ad9d9
	Service File Name:	C:\Windows\system32\svchost.exe -k UnistackSvcGroup
	Service Type: 		0xe0
	Service Start Type:	2
	Service Account: 		LocalSystem","Microsoft-Windows-Security-Auditing","System.String[]","4697","12/11/2019 2:22:06 PM","12/11/2019 2:22:06 PM",,,
"4688","ISEC2077-VM01.isec2077.ca","System.Byte[]","54370","(13312)","13312","SuccessAudit","A new process has been created.

Creator Subject:
	Security ID:		S-1-5-18
	Account Name:		ISEC2077-VM01$
	Account Domain:		ISEC2077
	Logon ID:		0x3e7

Target Subject:
	Security ID:		S-1-0-0
	Account Name:		Administrator
	Account Domain:		ISEC2077
	Logon ID:		0xac2ee

Process Information:
	New Process ID:		0x11d0
	New Process Name:	C
	Token Elevation Type:	%%1936
	Mandatory Label:		S-1-16-12288
	Creator Process ID:	0x518
	Creator Process Name:	C
	Process Command Line:	

Token Elevation Type indicates the type of token that was assigned to the new process in accordance with User Account Control policy.

Type 1 is a full token with no privileges removed or groups disabled.  A full token is only used if User Account Control is disabled or if the user is the built-in Administrator account or a service account.

Type 2 is an elevated token with no privileges removed or groups disabled.  An elevated token is used when User Account Control is enabled and the user chooses to start the program using Run as administrator.  An elevated token is also used when an application is configured to always require administrative privilege or to always require maximum privilege, and the user is a member of the Administrators group.

Type 3 is a limited token with administrative privileges removed and administrative groups disabled.  The limited token is used when User Account Control is enabled, the application does not require administrative privilege, and the user does not choose to start the program using Run as administrator.","Microsoft-Windows-Security-Auditing","System.String[]","4688","12/11/2019 2:22:06 PM","12/11/2019 2:22:06 PM",,,
"4688","ISEC2077-VM01.isec2077.ca","System.Byte[]","54369","(13312)","13312","SuccessAudit","A new process has been created.

Creator Subject:
	Security ID:		S-1-5-18
	Account Name:		ISEC2077-VM01$
	Account Domain:		ISEC2077
	Logon ID:		0x3e7

Target Subject:
	Security ID:		S-1-0-0
	Account Name:		Administrator
	Account Domain:		ISEC2077
	Logon ID:		0xac2ee

Process Information:
	New Process ID:		0x1138
	New Process Name:	C
	Token Elevation Type:	%%1936
	Mandatory Label:		S-1-16-12288
	Creator Process ID:	0x310
	Creator Process Name:	C
	Process Command Line:	

Token Elevation Type indicates the type of token that was assigned to the new process in accordance with User Account Control policy.

Type 1 is a full token with no privileges removed or groups disabled.  A full token is only used if User Account Control is disabled or if the user is the built-in Administrator account or a service account.

Type 2 is an elevated token with no privileges removed or groups disabled.  An elevated token is used when User Account Control is enabled and the user chooses to start the program using Run as administrator.  An elevated token is also used when an application is configured to always require administrative privilege or to always require maximum privilege, and the user is a member of the Administrators group.

Type 3 is a limited token with administrative privileges removed and administrative groups disabled.  The limited token is used when User Account Control is enabled, the application does not require administrative privilege, and the user does not choose to start the program using Run as administrator.","Microsoft-Windows-Security-Auditing","System.String[]","4688","12/11/2019 2:22:05 PM","12/11/2019 2:22:05 PM",,,
"4634","ISEC2077-VM01.isec2077.ca","System.Byte[]","54368","(12545)","12545","SuccessAudit","An account was logged off.

Subject:
	Security ID:		S-1-5-18
	Account Name:		ISEC2077-VM01$
	Account Domain:		ISEC2077
	Logon ID:		0xac9a9

Logon Type:			3

This event is generated when a logon session is destroyed. It may be positively correlated with a logon event using the Logon ID value. Logon IDs are only unique between reboots on the same computer.","Microsoft-Windows-Security-Auditing","System.String[]","4634","12/11/2019 2:22:05 PM","12/11/2019 2:22:05 PM",,,
"4624","ISEC2077-VM01.isec2077.ca","System.Byte[]","54367","(12544)","12544","SuccessAudit","An account was successfully logged on.

Subject:
	Security ID:		S-1-0-0
	Account Name:		-
	Account Domain:		-
	Logon ID:		0x0

Logon Information:
	Logon Type:		3
	Restricted Admin Mode:	-
	Virtual Account:		%%1843
	Elevated Token:		%%1842

Impersonation Level:		%%1833

New Logon:
	Security ID:		S-1-5-18
	Account Name:		ISEC2077-VM01$
	Account Domain:		ISEC2077.CA
	Logon ID:		0xac9a9
	Linked Logon ID:		0x0
	Network Account Name:	-
	Network Account Domain:	-
	Logon GUID:		{78FCA5FF-A1CD-7D23-BE0D-6D99BA9F4F26}

Process Information:
	Process ID:		0x0
	Process Name:		-

Network Information:
	Workstation Name:	-
	Source Network Address:	fe80::4563:b16d:72b8:c063
	Source Port:		60139

Detailed Authentication Information:
	Logon Process:		Kerberos
	Authentication Package:	Kerberos
	Transited Services:	-
	Package Name (NTLM only):	-
	Key Length:		0

This event is generated when a logon session is created. It is generated on the computer that was accessed.

The subject fields indicate the account on the local system which requested the logon. This is most commonly a service such as the Server service, or a local process such as Winlogon.exe or Services.exe.

The logon type field indicates the kind of logon that occurred. The most common types are 2 (interactive) and 3 (network).

The New Logon fields indicate the account for whom the new logon was created, i.e. the account that was logged on.

The network fields indicate where a remote logon request originated. Workstation name is not always available and may be left blank in some cases.

The impersonation level field indicates the extent to which a process in the logon session can impersonate.

The authentication information fields provide detailed information about this specific logon request.
	- Logon GUID is a unique identifier that can be used to correlate this event with a KDC event.
	- Transited services indicate which intermediate services have participated in this logon request.
	- Package name indicates which sub-protocol was used among the NTLM protocols.
	- Key length indicates the length of the generated session key. This will be 0 if no session key was requested.","Microsoft-Windows-Security-Auditing","System.String[]","4624","12/11/2019 2:22:05 PM","12/11/2019 2:22:05 PM",,,
"4672","ISEC2077-VM01.isec2077.ca","System.Byte[]","54366","(12548)","12548","SuccessAudit","Special privileges assigned to new logon.

Subject:
	Security ID:		S-1-5-18
	Account Name:		ISEC2077-VM01$
	Account Domain:		ISEC2077
	Logon ID:		0xac9a9

Privileges:		SeSecurityPrivilege
			SeBackupPrivilege
			SeRestorePrivilege
			SeTakeOwnershipPrivilege
			SeDebugPrivilege
			SeSystemEnvironmentPrivilege
			SeLoadDriverPrivilege
			SeImpersonatePrivilege
			SeDelegateSessionUserImpersonatePrivilege
			SeEnableDelegationPrivilege","Microsoft-Windows-Security-Auditing","System.String[]","4672","12/11/2019 2:22:05 PM","12/11/2019 2:22:05 PM",,,
"4688","ISEC2077-VM01.isec2077.ca","System.Byte[]","54365","(13312)","13312","SuccessAudit","A new process has been created.

Creator Subject:
	Security ID:		S-1-5-18
	Account Name:		ISEC2077-VM01$
	Account Domain:		ISEC2077
	Logon ID:		0x3e7

Target Subject:
	Security ID:		S-1-0-0
	Account Name:		-
	Account Domain:		-
	Logon ID:		0x0

Process Information:
	New Process ID:		0x1074
	New Process Name:	C
	Token Elevation Type:	%%1936
	Mandatory Label:		S-1-16-16384
	Creator Process ID:	0x310
	Creator Process Name:	C
	Process Command Line:	

Token Elevation Type indicates the type of token that was assigned to the new process in accordance with User Account Control policy.

Type 1 is a full token with no privileges removed or groups disabled.  A full token is only used if User Account Control is disabled or if the user is the built-in Administrator account or a service account.

Type 2 is an elevated token with no privileges removed or groups disabled.  An elevated token is used when User Account Control is enabled and the user chooses to start the program using Run as administrator.  An elevated token is also used when an application is configured to always require administrative privilege or to always require maximum privilege, and the user is a member of the Administrators group.

Type 3 is a limited token with administrative privileges removed and administrative groups disabled.  The limited token is used when User Account Control is enabled, the application does not require administrative privilege, and the user does not choose to start the program using Run as administrator.","Microsoft-Windows-Security-Auditing","System.String[]","4688","12/11/2019 2:22:05 PM","12/11/2019 2:22:05 PM",,,
"4799","ISEC2077-VM01.isec2077.ca","System.Byte[]","54364","(13826)","13826","SuccessAudit","A security-enabled local group membership was enumerated.

Subject:
	Security ID:		S-1-5-18
	Account Name:		ISEC2077-VM01$
	Account Domain:		ISEC2077
	Logon ID:		0x3e7

Group:
	Security ID:		S-1-5-32-544
	Group Name:		Administrators
	Group Domain:		Builtin

Process Information:
	Process ID:		0x518
	Process Name:		C:\Windows\System32\svchost.exe","Microsoft-Windows-Security-Auditing","System.String[]","4799","12/11/2019 2:22:05 PM","12/11/2019 2:22:05 PM",,,
"4611","ISEC2077-VM01.isec2077.ca","System.Byte[]","54363","(12289)","12289","SuccessAudit","A trusted logon process has been registered with the Local Security Authority.
This logon process will be trusted to submit logon requests.

Subject:
	Security ID:		S-1-5-18
	Account Name:		ISEC2077-VM01$
	Account Domain:		ISEC2077
	Logon ID:		0x3e7

Logon Process Name:		UserManager","Microsoft-Windows-Security-Auditing","System.String[]","4611","12/11/2019 2:22:05 PM","12/11/2019 2:22:05 PM",,,
"4672","ISEC2077-VM01.isec2077.ca","System.Byte[]","54362","(12548)","12548","SuccessAudit","Special privileges assigned to new logon.

Subject:
	Security ID:		S-1-5-21-3317395696-3792474407-1077275257-500
	Account Name:		Administrator
	Account Domain:		ISEC2077
	Logon ID:		0xac2ee

Privileges:		SeSecurityPrivilege
			SeTakeOwnershipPrivilege
			SeLoadDriverPrivilege
			SeBackupPrivilege
			SeRestorePrivilege
			SeDebugPrivilege
			SeSystemEnvironmentPrivilege
			SeEnableDelegationPrivilege
			SeImpersonatePrivilege
			SeDelegateSessionUserImpersonatePrivilege","Microsoft-Windows-Security-Auditing","System.String[]","4672","12/11/2019 2:22:05 PM","12/11/2019 2:22:05 PM",,,
"4624","ISEC2077-VM01.isec2077.ca","System.Byte[]","54361","(12544)","12544","SuccessAudit","An account was successfully logged on.

Subject:
	Security ID:		S-1-5-18
	Account Name:		ISEC2077-VM01$
	Account Domain:		ISEC2077
	Logon ID:		0x3e7

Logon Information:
	Logon Type:		2
	Restricted Admin Mode:	-
	Virtual Account:		%%1843
	Elevated Token:		%%1842

Impersonation Level:		%%1833

New Logon:
	Security ID:		S-1-5-21-3317395696-3792474407-1077275257-500
	Account Name:		Administrator
	Account Domain:		ISEC2077
	Logon ID:		0xac2ee
	Linked Logon ID:		0x0
	Network Account Name:	-
	Network Account Domain:	-
	Logon GUID:		{2009867D-BC0E-C02B-AE23-7D14F0DB5B89}

Process Information:
	Process ID:		0x518
	Process Name:		C:\Windows\System32\svchost.exe

Network Information:
	Workstation Name:	ISEC2077-VM01
	Source Network Address:	127.0.0.1
	Source Port:		0

Detailed Authentication Information:
	Logon Process:		User32 
	Authentication Package:	Negotiate
	Transited Services:	-
	Package Name (NTLM only):	-
	Key Length:		0

This event is generated when a logon session is created. It is generated on the computer that was accessed.

The subject fields indicate the account on the local system which requested the logon. This is most commonly a service such as the Server service, or a local process such as Winlogon.exe or Services.exe.

The logon type field indicates the kind of logon that occurred. The most common types are 2 (interactive) and 3 (network).

The New Logon fields indicate the account for whom the new logon was created, i.e. the account that was logged on.

The network fields indicate where a remote logon request originated. Workstation name is not always available and may be left blank in some cases.

The impersonation level field indicates the extent to which a process in the logon session can impersonate.

The authentication information fields provide detailed information about this specific logon request.
	- Logon GUID is a unique identifier that can be used to correlate this event with a KDC event.
	- Transited services indicate which intermediate services have participated in this logon request.
	- Package name indicates which sub-protocol was used among the NTLM protocols.
	- Key length indicates the length of the generated session key. This will be 0 if no session key was requested.","Microsoft-Windows-Security-Auditing","System.String[]","4624","12/11/2019 2:22:05 PM","12/11/2019 2:22:05 PM",,,
"4648","ISEC2077-VM01.isec2077.ca","System.Byte[]","54360","(12544)","12544","SuccessAudit","A logon was attempted using explicit credentials.

Subject:
	Security ID:		S-1-5-18
	Account Name:		ISEC2077-VM01$
	Account Domain:		ISEC2077
	Logon ID:		0x3e7
	Logon GUID:		{00000000-0000-0000-0000-000000000000}

Account Whose Credentials Were Used:
	Account Name:		Administrator
	Account Domain:		ISEC2077
	Logon GUID:		{2009867D-BC0E-C02B-AE23-7D14F0DB5B89}

Target Server:
	Target Server Name:	localhost
	Additional Information:	localhost

Process Information:
	Process ID:		0x518
	Process Name:		C:\Windows\System32\svchost.exe

Network Information:
	Network Address:	127.0.0.1
	Port:			0

This event is generated when a process attempts to log on an account by explicitly specifying that account?s credentials.  This most commonly occurs in batch-type configurations such as scheduled tasks, or when using the RUNAS command.","Microsoft-Windows-Security-Auditing","System.String[]","4648","12/11/2019 2:22:05 PM","12/11/2019 2:22:05 PM",,,
"4769","ISEC2077-VM01.isec2077.ca","System.Byte[]","54359","(14337)","14337","SuccessAudit","A Kerberos service ticket was requested.

Account Information:
	Account Name:		Administrator@ISEC2077.CA
	Account Domain:		ISEC2077.CA
	Logon GUID:		{2009867D-BC0E-C02B-AE23-7D14F0DB5B89}

Service Information:
	Service Name:		ISEC2077-VM01$
	Service ID:		S-1-5-21-3317395696-3792474407-1077275257-1001

Network Information:
	Client Address:		::1
	Client Port:		0

Additional Information:
	Ticket Options:		0x40810000
	Ticket Encryption Type:	0x12
	Failure Code:		0x0
	Transited Services:	-

This event is generated every time access is requested to a resource such as a computer or a Windows service.  The service name indicates the resource to which access was requested.

This event can be correlated with Windows logon events by comparing the Logon GUID fields in each event.  The logon event occurs on the machine that was accessed, which is often a different machine than the domain controller which issued the service ticket.

Ticket options, encryption types, and failure codes are defined in RFC 4120.","Microsoft-Windows-Security-Auditing","System.String[]","4769","12/11/2019 2:22:05 PM","12/11/2019 2:22:05 PM",,,
"4768","ISEC2077-VM01.isec2077.ca","System.Byte[]","54358","(14339)","14339","SuccessAudit","A Kerberos authentication ticket (TGT) was requested.

Account Information:
	Account Name:		Administrator
	Supplied Realm Name:	ISEC2077
	User ID:			S-1-5-21-3317395696-3792474407-1077275257-500

Service Information:
	Service Name:		krbtgt
	Service ID:		S-1-5-21-3317395696-3792474407-1077275257-502

Network Information:
	Client Address:		::1
	Client Port:		0

Additional Information:
	Ticket Options:		0x40810010
	Result Code:		0x0
	Ticket Encryption Type:	0x12
	Pre-Authentication Type:	2

Certificate Information:
	Certificate Issuer Name:		
	Certificate Serial Number:	
	Certificate Thumbprint:		

Certificate information is only provided if a certificate was used for pre-authentication.

Pre-authentication types, ticket options, encryption types and result codes are defined in RFC 4120.","Microsoft-Windows-Security-Auditing","System.String[]","4768","12/11/2019 2:22:05 PM","12/11/2019 2:22:05 PM",,,
"4611","ISEC2077-VM01.isec2077.ca","System.Byte[]","54357","(12289)","12289","SuccessAudit","A trusted logon process has been registered with the Local Security Authority.
This logon process will be trusted to submit logon requests.

Subject:
	Security ID:		S-1-5-18
	Account Name:		ISEC2077-VM01$
	Account Domain:		ISEC2077
	Logon ID:		0x3e7

Logon Process Name:		UserManager","Microsoft-Windows-Security-Auditing","System.String[]","4611","12/11/2019 2:22:05 PM","12/11/2019 2:22:05 PM",,,
"4688","ISEC2077-VM01.isec2077.ca","System.Byte[]","54356","(13312)","13312","SuccessAudit","A new process has been created.

Creator Subject:
	Security ID:		S-1-5-18
	Account Name:		ISEC2077-VM01$
	Account Domain:		ISEC2077
	Logon ID:		0x3e7

Target Subject:
	Security ID:		S-1-0-0
	Account Name:		-
	Account Domain:		-
	Logon ID:		0x0

Process Information:
	New Process ID:		0x1144
	New Process Name:	C
	Token Elevation Type:	%%1936
	Mandatory Label:		S-1-16-16384
	Creator Process ID:	0x4e8
	Creator Process Name:	C
	Process Command Line:	

Token Elevation Type indicates the type of token that was assigned to the new process in accordance with User Account Control policy.

Type 1 is a full token with no privileges removed or groups disabled.  A full token is only used if User Account Control is disabled or if the user is the built-in Administrator account or a service account.

Type 2 is an elevated token with no privileges removed or groups disabled.  An elevated token is used when User Account Control is enabled and the user chooses to start the program using Run as administrator.  An elevated token is also used when an application is configured to always require administrative privilege or to always require maximum privilege, and the user is a member of the Administrators group.

Type 3 is a limited token with administrative privileges removed and administrative groups disabled.  The limited token is used when User Account Control is enabled, the application does not require administrative privilege, and the user does not choose to start the program using Run as administrator.","Microsoft-Windows-Security-Auditing","System.String[]","4688","12/11/2019 2:22:02 PM","12/11/2019 2:22:02 PM",,,
"4611","ISEC2077-VM01.isec2077.ca","System.Byte[]","54355","(12289)","12289","SuccessAudit","A trusted logon process has been registered with the Local Security Authority.
This logon process will be trusted to submit logon requests.

Subject:
	Security ID:		S-1-5-18
	Account Name:		ISEC2077-VM01$
	Account Domain:		ISEC2077
	Logon ID:		0x3e7

Logon Process Name:		UserManager","Microsoft-Windows-Security-Auditing","System.String[]","4611","12/11/2019 2:22:01 PM","12/11/2019 2:22:01 PM",,,
"4625","ISEC2077-VM01.isec2077.ca","System.Byte[]","54354","(12544)","12544","FailureAudit","An account failed to log on.

Subject:
	Security ID:		S-1-5-18
	Account Name:		ISEC2077-VM01$
	Account Domain:		ISEC2077
	Logon ID:		0x3e7

Logon Type:			2

Account For Which Logon Failed:
	Security ID:		S-1-0-0
	Account Name:		Administrator
	Account Domain:		ISEC2077

Failure Information:
	Failure Reason:		%%2313
	Status:			0xc000006d
	Sub Status:		0xc000006a

Process Information:
	Caller Process ID:	0x518
	Caller Process Name:	C:\Windows\System32\svchost.exe

Network Information:
	Workstation Name:	ISEC2077-VM01
	Source Network Address:	127.0.0.1
	Source Port:		0

Detailed Authentication Information:
	Logon Process:		User32 
	Authentication Package:	Negotiate
	Transited Services:	-
	Package Name (NTLM only):	-
	Key Length:		0

This event is generated when a logon request fails. It is generated on the computer where access was attempted.

The Subject fields indicate the account on the local system which requested the logon. This is most commonly a service such as the Server service, or a local process such as Winlogon.exe or Services.exe.

The Logon Type field indicates the kind of logon that was requested. The most common types are 2 (interactive) and 3 (network).

The Process Information fields indicate which account and process on the system requested the logon.

The Network Information fields indicate where a remote logon request originated. Workstation name is not always available and may be left blank in some cases.

The authentication information fields provide detailed information about this specific logon request.
	- Transited services indicate which intermediate services have participated in this logon request.
	- Package name indicates which sub-protocol was used among the NTLM protocols.
	- Key length indicates the length of the generated session key. This will be 0 if no session key was requested.","Microsoft-Windows-Security-Auditing","System.String[]","4625","12/11/2019 2:22:01 PM","12/11/2019 2:22:01 PM",,,
"4771","ISEC2077-VM01.isec2077.ca","System.Byte[]","54353","(14339)","14339","FailureAudit","Kerberos pre-authentication failed.

Account Information:
	Security ID:		S-1-5-21-3317395696-3792474407-1077275257-500
	Account Name:		Administrator

Service Information:
	Service Name:		krbtgt/ISEC2077

Network Information:
	Client Address:		::1
	Client Port:		0

Additional Information:
	Ticket Options:		0x40810010
	Failure Code:		0x18
	Pre-Authentication Type:	2

Certificate Information:
	Certificate Issuer Name:		
	Certificate Serial Number: 	
	Certificate Thumbprint:		

Certificate information is only provided if a certificate was used for pre-authentication.

Pre-authentication types, ticket options and failure codes are defined in RFC 4120.

If the ticket was malformed or damaged during transit and could not be decrypted, then many fields in this event might not be present.","Microsoft-Windows-Security-Auditing","System.String[]","4771","12/11/2019 2:22:01 PM","12/11/2019 2:22:01 PM",,,
"4611","ISEC2077-VM01.isec2077.ca","System.Byte[]","54352","(12289)","12289","SuccessAudit","A trusted logon process has been registered with the Local Security Authority.
This logon process will be trusted to submit logon requests.

Subject:
	Security ID:		S-1-5-18
	Account Name:		ISEC2077-VM01$
	Account Domain:		ISEC2077
	Logon ID:		0x3e7

Logon Process Name:		UserManager","Microsoft-Windows-Security-Auditing","System.String[]","4611","12/11/2019 2:22:01 PM","12/11/2019 2:22:01 PM",,,
"4624","ISEC2077-VM01.isec2077.ca","System.Byte[]","54351","(12544)","12544","SuccessAudit","An account was successfully logged on.

Subject:
	Security ID:		S-1-0-0
	Account Name:		-
	Account Domain:		-
	Logon ID:		0x0

Logon Information:
	Logon Type:		3
	Restricted Admin Mode:	-
	Virtual Account:		%%1843
	Elevated Token:		%%1842

Impersonation Level:		%%1840

New Logon:
	Security ID:		S-1-5-21-3317395696-3792474407-1077275257-1001
	Account Name:		ISEC2077-VM01$
	Account Domain:		ISEC2077.CA
	Logon ID:		0xa5e1d
	Linked Logon ID:		0x0
	Network Account Name:	-
	Network Account Domain:	-
	Logon GUID:		{81B70280-279C-23E9-6450-2930EF0C611D}

Process Information:
	Process ID:		0x0
	Process Name:		-

Network Information:
	Workstation Name:	-
	Source Network Address:	-
	Source Port:		-

Detailed Authentication Information:
	Logon Process:		Kerberos
	Authentication Package:	Kerberos
	Transited Services:	-
	Package Name (NTLM only):	-
	Key Length:		0

This event is generated when a logon session is created. It is generated on the computer that was accessed.

The subject fields indicate the account on the local system which requested the logon. This is most commonly a service such as the Server service, or a local process such as Winlogon.exe or Services.exe.

The logon type field indicates the kind of logon that occurred. The most common types are 2 (interactive) and 3 (network).

The New Logon fields indicate the account for whom the new logon was created, i.e. the account that was logged on.

The network fields indicate where a remote logon request originated. Workstation name is not always available and may be left blank in some cases.

The impersonation level field indicates the extent to which a process in the logon session can impersonate.

The authentication information fields provide detailed information about this specific logon request.
	- Logon GUID is a unique identifier that can be used to correlate this event with a KDC event.
	- Transited services indicate which intermediate services have participated in this logon request.
	- Package name indicates which sub-protocol was used among the NTLM protocols.
	- Key length indicates the length of the generated session key. This will be 0 if no session key was requested.","Microsoft-Windows-Security-Auditing","System.String[]","4624","12/11/2019 2:21:56 PM","12/11/2019 2:21:56 PM",,,
"4672","ISEC2077-VM01.isec2077.ca","System.Byte[]","54350","(12548)","12548","SuccessAudit","Special privileges assigned to new logon.

Subject:
	Security ID:		S-1-5-21-3317395696-3792474407-1077275257-1001
	Account Name:		ISEC2077-VM01$
	Account Domain:		ISEC2077
	Logon ID:		0xa5e1d

Privileges:		SeAuditPrivilege
			SeImpersonatePrivilege
			SeAssignPrimaryTokenPrivilege","Microsoft-Windows-Security-Auditing","System.String[]","4672","12/11/2019 2:21:56 PM","12/11/2019 2:21:56 PM",,,
"4769","ISEC2077-VM01.isec2077.ca","System.Byte[]","54349","(14337)","14337","SuccessAudit","A Kerberos service ticket was requested.

Account Information:
	Account Name:		ISEC2077-VM01$@ISEC2077.CA
	Account Domain:		ISEC2077.CA
	Logon GUID:		{8DA3709E-889A-FB60-0F4F-03C81A590BCF}

Service Information:
	Service Name:		krbtgt
	Service ID:		S-1-5-21-3317395696-3792474407-1077275257-502

Network Information:
	Client Address:		::1
	Client Port:		0

Additional Information:
	Ticket Options:		0x60810010
	Ticket Encryption Type:	0x12
	Failure Code:		0x0
	Transited Services:	-

This event is generated every time access is requested to a resource such as a computer or a Windows service.  The service name indicates the resource to which access was requested.

This event can be correlated with Windows logon events by comparing the Logon GUID fields in each event.  The logon event occurs on the machine that was accessed, which is often a different machine than the domain controller which issued the service ticket.

Ticket options, encryption types, and failure codes are defined in RFC 4120.","Microsoft-Windows-Security-Auditing","System.String[]","4769","12/11/2019 2:21:56 PM","12/11/2019 2:21:56 PM",,,
"4769","ISEC2077-VM01.isec2077.ca","System.Byte[]","54348","(14337)","14337","SuccessAudit","A Kerberos service ticket was requested.

Account Information:
	Account Name:		ISEC2077-VM01$@ISEC2077.CA
	Account Domain:		ISEC2077.CA
	Logon GUID:		{8DA3709E-889A-FB60-0F4F-03C81A590BCF}

Service Information:
	Service Name:		ISEC2077-VM01$
	Service ID:		S-1-5-21-3317395696-3792474407-1077275257-1001

Network Information:
	Client Address:		::1
	Client Port:		0

Additional Information:
	Ticket Options:		0x40810000
	Ticket Encryption Type:	0x12
	Failure Code:		0x0
	Transited Services:	-

This event is generated every time access is requested to a resource such as a computer or a Windows service.  The service name indicates the resource to which access was requested.

This event can be correlated with Windows logon events by comparing the Logon GUID fields in each event.  The logon event occurs on the machine that was accessed, which is often a different machine than the domain controller which issued the service ticket.

Ticket options, encryption types, and failure codes are defined in RFC 4120.","Microsoft-Windows-Security-Auditing","System.String[]","4769","12/11/2019 2:21:56 PM","12/11/2019 2:21:56 PM",,,
"4688","ISEC2077-VM01.isec2077.ca","System.Byte[]","54347","(13312)","13312","SuccessAudit","A new process has been created.

Creator Subject:
	Security ID:		S-1-5-18
	Account Name:		ISEC2077-VM01$
	Account Domain:		ISEC2077
	Logon ID:		0x3e7

Target Subject:
	Security ID:		S-1-0-0
	Account Name:		-
	Account Domain:		-
	Logon ID:		0x0

Process Information:
	New Process ID:		0xd58
	New Process Name:	C
	Token Elevation Type:	%%1936
	Mandatory Label:		S-1-16-16384
	Creator Process ID:	0x4e8
	Creator Process Name:	C
	Process Command Line:	

Token Elevation Type indicates the type of token that was assigned to the new process in accordance with User Account Control policy.

Type 1 is a full token with no privileges removed or groups disabled.  A full token is only used if User Account Control is disabled or if the user is the built-in Administrator account or a service account.

Type 2 is an elevated token with no privileges removed or groups disabled.  An elevated token is used when User Account Control is enabled and the user chooses to start the program using Run as administrator.  An elevated token is also used when an application is configured to always require administrative privilege or to always require maximum privilege, and the user is a member of the Administrators group.

Type 3 is a limited token with administrative privileges removed and administrative groups disabled.  The limited token is used when User Account Control is enabled, the application does not require administrative privilege, and the user does not choose to start the program using Run as administrator.","Microsoft-Windows-Security-Auditing","System.String[]","4688","12/11/2019 2:21:56 PM","12/11/2019 2:21:56 PM",,,
"4611","ISEC2077-VM01.isec2077.ca","System.Byte[]","54346","(12289)","12289","SuccessAudit","A trusted logon process has been registered with the Local Security Authority.
This logon process will be trusted to submit logon requests.

Subject:
	Security ID:		S-1-5-18
	Account Name:		ISEC2077-VM01$
	Account Domain:		ISEC2077
	Logon ID:		0x3e7

Logon Process Name:		UserManager","Microsoft-Windows-Security-Auditing","System.String[]","4611","12/11/2019 2:21:56 PM","12/11/2019 2:21:56 PM",,,
"4625","ISEC2077-VM01.isec2077.ca","System.Byte[]","54345","(12544)","12544","FailureAudit","An account failed to log on.

Subject:
	Security ID:		S-1-5-18
	Account Name:		ISEC2077-VM01$
