	Account Domain:		-
	Logon ID:		0x0

Process Information:
	New Process ID:		0x126c
	New Process Name:	C
	Token Elevation Type:	%%1936
	Mandatory Label:		S-1-16-16384
	Creator Process ID:	0x4e8
	Creator Process Name:	C
	Process Command Line:	

Token Elevation Type indicates the type of token that was assigned to the new process in accordance with User Account Control policy.

Type 1 is a full token with no privileges removed or groups disabled.  A full token is only used if User Account Control is disabled or if the user is the built-in Administrator account or a service account.

Type 2 is an elevated token with no privileges removed or groups disabled.  An elevated token is used when User Account Control is enabled and the user chooses to start the program using Run as administrator.  An elevated token is also used when an application is configured to always require administrative privilege or to always require maximum privilege, and the user is a member of the Administrators group.

Type 3 is a limited token with administrative privileges removed and administrative groups disabled.  The limited token is used when User Account Control is enabled, the application does not require administrative privilege, and the user does not choose to start the program using Run as administrator.","Microsoft-Windows-Security-Auditing","System.String[]","4688","12/11/2019 2:26:25 PM","12/11/2019 2:26:25 PM",,,
"4688","ISEC2077-VM01.isec2077.ca","System.Byte[]","54638","(13312)","13312","SuccessAudit","A new process has been created.

Creator Subject:
	Security ID:		S-1-5-18
	Account Name:		ISEC2077-VM01$
	Account Domain:		ISEC2077
	Logon ID:		0x3e7

Target Subject:
	Security ID:		S-1-0-0
	Account Name:		-
	Account Domain:		-
	Logon ID:		0x0

Process Information:
	New Process ID:		0x1490
	New Process Name:	C
	Token Elevation Type:	%%1936
	Mandatory Label:		S-1-16-16384
	Creator Process ID:	0x4e8
	Creator Process Name:	C
	Process Command Line:	

Token Elevation Type indicates the type of token that was assigned to the new process in accordance with User Account Control policy.

Type 1 is a full token with no privileges removed or groups disabled.  A full token is only used if User Account Control is disabled or if the user is the built-in Administrator account or a service account.

Type 2 is an elevated token with no privileges removed or groups disabled.  An elevated token is used when User Account Control is enabled and the user chooses to start the program using Run as administrator.  An elevated token is also used when an application is configured to always require administrative privilege or to always require maximum privilege, and the user is a member of the Administrators group.

Type 3 is a limited token with administrative privileges removed and administrative groups disabled.  The limited token is used when User Account Control is enabled, the application does not require administrative privilege, and the user does not choose to start the program using Run as administrator.","Microsoft-Windows-Security-Auditing","System.String[]","4688","12/11/2019 2:26:21 PM","12/11/2019 2:26:21 PM",,,
"4688","ISEC2077-VM01.isec2077.ca","System.Byte[]","54637","(13312)","13312","SuccessAudit","A new process has been created.

Creator Subject:
	Security ID:		S-1-5-18
	Account Name:		ISEC2077-VM01$
	Account Domain:		ISEC2077
	Logon ID:		0x3e7

Target Subject:
	Security ID:		S-1-0-0
	Account Name:		-
	Account Domain:		-
	Logon ID:		0x0

Process Information:
	New Process ID:		0x8bc
	New Process Name:	C
	Token Elevation Type:	%%1936
	Mandatory Label:		S-1-16-16384
	Creator Process ID:	0x4e8
	Creator Process Name:	C
	Process Command Line:	

Token Elevation Type indicates the type of token that was assigned to the new process in accordance with User Account Control policy.

Type 1 is a full token with no privileges removed or groups disabled.  A full token is only used if User Account Control is disabled or if the user is the built-in Administrator account or a service account.

Type 2 is an elevated token with no privileges removed or groups disabled.  An elevated token is used when User Account Control is enabled and the user chooses to start the program using Run as administrator.  An elevated token is also used when an application is configured to always require administrative privilege or to always require maximum privilege, and the user is a member of the Administrators group.

Type 3 is a limited token with administrative privileges removed and administrative groups disabled.  The limited token is used when User Account Control is enabled, the application does not require administrative privilege, and the user does not choose to start the program using Run as administrator.","Microsoft-Windows-Security-Auditing","System.String[]","4688","12/11/2019 2:26:20 PM","12/11/2019 2:26:20 PM",,,
"4634","ISEC2077-VM01.isec2077.ca","System.Byte[]","54636","(12545)","12545","SuccessAudit","An account was logged off.

Subject:
	Security ID:		S-1-5-18
	Account Name:		ISEC2077-VM01$
	Account Domain:		ISEC2077
	Logon ID:		0x24b685

Logon Type:			3

This event is generated when a logon session is destroyed. It may be positively correlated with a logon event using the Logon ID value. Logon IDs are only unique between reboots on the same computer.","Microsoft-Windows-Security-Auditing","System.String[]","4634","12/11/2019 2:26:19 PM","12/11/2019 2:26:19 PM",,,
"4634","ISEC2077-VM01.isec2077.ca","System.Byte[]","54635","(12545)","12545","SuccessAudit","An account was logged off.

Subject:
	Security ID:		S-1-5-18
	Account Name:		ISEC2077-VM01$
	Account Domain:		ISEC2077
	Logon ID:		0x24b866

Logon Type:			3

This event is generated when a logon session is destroyed. It may be positively correlated with a logon event using the Logon ID value. Logon IDs are only unique between reboots on the same computer.","Microsoft-Windows-Security-Auditing","System.String[]","4634","12/11/2019 2:26:19 PM","12/11/2019 2:26:19 PM",,,
"4634","ISEC2077-VM01.isec2077.ca","System.Byte[]","54634","(12545)","12545","SuccessAudit","An account was logged off.

Subject:
	Security ID:		S-1-5-18
	Account Name:		ISEC2077-VM01$
	Account Domain:		ISEC2077
	Logon ID:		0x24b886

Logon Type:			3

This event is generated when a logon session is destroyed. It may be positively correlated with a logon event using the Logon ID value. Logon IDs are only unique between reboots on the same computer.","Microsoft-Windows-Security-Auditing","System.String[]","4634","12/11/2019 2:26:19 PM","12/11/2019 2:26:19 PM",,,
"4624","ISEC2077-VM01.isec2077.ca","System.Byte[]","54633","(12544)","12544","SuccessAudit","An account was successfully logged on.

Subject:
	Security ID:		S-1-0-0
	Account Name:		-
	Account Domain:		-
	Logon ID:		0x0

Logon Information:
	Logon Type:		3
	Restricted Admin Mode:	-
	Virtual Account:		%%1843
	Elevated Token:		%%1842

Impersonation Level:		%%1833

New Logon:
	Security ID:		S-1-5-18
	Account Name:		ISEC2077-VM01$
	Account Domain:		ISEC2077.CA
	Logon ID:		0x24b886
	Linked Logon ID:		0x0
	Network Account Name:	-
	Network Account Domain:	-
	Logon GUID:		{EAF053B7-17C7-D7ED-028B-B88BFEE28F27}

Process Information:
	Process ID:		0x0
	Process Name:		-

Network Information:
	Workstation Name:	-
	Source Network Address:	-
	Source Port:		-

Detailed Authentication Information:
	Logon Process:		Kerberos
	Authentication Package:	Kerberos
	Transited Services:	-
	Package Name (NTLM only):	-
	Key Length:		0

This event is generated when a logon session is created. It is generated on the computer that was accessed.

The subject fields indicate the account on the local system which requested the logon. This is most commonly a service such as the Server service, or a local process such as Winlogon.exe or Services.exe.

The logon type field indicates the kind of logon that occurred. The most common types are 2 (interactive) and 3 (network).

The New Logon fields indicate the account for whom the new logon was created, i.e. the account that was logged on.

The network fields indicate where a remote logon request originated. Workstation name is not always available and may be left blank in some cases.

The impersonation level field indicates the extent to which a process in the logon session can impersonate.

The authentication information fields provide detailed information about this specific logon request.
	- Logon GUID is a unique identifier that can be used to correlate this event with a KDC event.
	- Transited services indicate which intermediate services have participated in this logon request.
	- Package name indicates which sub-protocol was used among the NTLM protocols.
	- Key length indicates the length of the generated session key. This will be 0 if no session key was requested.","Microsoft-Windows-Security-Auditing","System.String[]","4624","12/11/2019 2:26:19 PM","12/11/2019 2:26:19 PM",,,
"4672","ISEC2077-VM01.isec2077.ca","System.Byte[]","54632","(12548)","12548","SuccessAudit","Special privileges assigned to new logon.

Subject:
	Security ID:		S-1-5-18
	Account Name:		ISEC2077-VM01$
	Account Domain:		ISEC2077
	Logon ID:		0x24b886

Privileges:		SeSecurityPrivilege
			SeBackupPrivilege
			SeRestorePrivilege
			SeTakeOwnershipPrivilege
			SeDebugPrivilege
			SeSystemEnvironmentPrivilege
			SeLoadDriverPrivilege
			SeImpersonatePrivilege
			SeDelegateSessionUserImpersonatePrivilege
			SeEnableDelegationPrivilege","Microsoft-Windows-Security-Auditing","System.String[]","4672","12/11/2019 2:26:19 PM","12/11/2019 2:26:19 PM",,,
"4648","ISEC2077-VM01.isec2077.ca","System.Byte[]","54631","(12544)","12544","SuccessAudit","A logon was attempted using explicit credentials.

Subject:
	Security ID:		S-1-5-18
	Account Name:		ISEC2077-VM01$
	Account Domain:		ISEC2077
	Logon ID:		0x3e7
	Logon GUID:		{00000000-0000-0000-0000-000000000000}

Account Whose Credentials Were Used:
	Account Name:		ISEC2077-VM01$
	Account Domain:		ISEC2077.CA
	Logon GUID:		{33A9BC69-F33F-0C43-46C4-252CCBE20CCC}

Target Server:
	Target Server Name:	isec2077-vm01$
	Additional Information:	isec2077-vm01$

Process Information:
	Process ID:		0x1598
	Process Name:		C:\Windows\System32\taskhostw.exe

Network Information:
	Network Address:	-
	Port:			-

This event is generated when a process attempts to log on an account by explicitly specifying that account?s credentials.  This most commonly occurs in batch-type configurations such as scheduled tasks, or when using the RUNAS command.","Microsoft-Windows-Security-Auditing","System.String[]","4648","12/11/2019 2:26:19 PM","12/11/2019 2:26:19 PM",,,
"4769","ISEC2077-VM01.isec2077.ca","System.Byte[]","54630","(14337)","14337","SuccessAudit","A Kerberos service ticket was requested.

Account Information:
	Account Name:		ISEC2077-VM01$@ISEC2077.CA
	Account Domain:		ISEC2077.CA
	Logon GUID:		{33A9BC69-F33F-0C43-46C4-252CCBE20CCC}

Service Information:
	Service Name:		ISEC2077-VM01$
	Service ID:		S-1-5-21-3317395696-3792474407-1077275257-1001

Network Information:
	Client Address:		::1
	Client Port:		0

Additional Information:
	Ticket Options:		0x40810000
	Ticket Encryption Type:	0x12
	Failure Code:		0x0
	Transited Services:	-

This event is generated every time access is requested to a resource such as a computer or a Windows service.  The service name indicates the resource to which access was requested.

This event can be correlated with Windows logon events by comparing the Logon GUID fields in each event.  The logon event occurs on the machine that was accessed, which is often a different machine than the domain controller which issued the service ticket.

Ticket options, encryption types, and failure codes are defined in RFC 4120.","Microsoft-Windows-Security-Auditing","System.String[]","4769","12/11/2019 2:26:19 PM","12/11/2019 2:26:19 PM",,,
"4768","ISEC2077-VM01.isec2077.ca","System.Byte[]","54629","(14339)","14339","SuccessAudit","A Kerberos authentication ticket (TGT) was requested.

Account Information:
	Account Name:		ISEC2077-VM01$
	Supplied Realm Name:	ISEC2077.CA
	User ID:			S-1-5-21-3317395696-3792474407-1077275257-1001

Service Information:
	Service Name:		krbtgt
	Service ID:		S-1-5-21-3317395696-3792474407-1077275257-502

Network Information:
	Client Address:		::1
	Client Port:		0

Additional Information:
	Ticket Options:		0x40810010
	Result Code:		0x0
	Ticket Encryption Type:	0x12
	Pre-Authentication Type:	2

Certificate Information:
	Certificate Issuer Name:		
	Certificate Serial Number:	
	Certificate Thumbprint:		

Certificate information is only provided if a certificate was used for pre-authentication.

Pre-authentication types, ticket options, encryption types and result codes are defined in RFC 4120.","Microsoft-Windows-Security-Auditing","System.String[]","4768","12/11/2019 2:26:19 PM","12/11/2019 2:26:19 PM",,,
"4624","ISEC2077-VM01.isec2077.ca","System.Byte[]","54628","(12544)","12544","SuccessAudit","An account was successfully logged on.

Subject:
	Security ID:		S-1-0-0
	Account Name:		-
	Account Domain:		-
	Logon ID:		0x0

Logon Information:
	Logon Type:		3
	Restricted Admin Mode:	-
	Virtual Account:		%%1843
	Elevated Token:		%%1842

Impersonation Level:		%%1833

New Logon:
	Security ID:		S-1-5-18
	Account Name:		ISEC2077-VM01$
	Account Domain:		ISEC2077.CA
	Logon ID:		0x24b866
	Linked Logon ID:		0x0
	Network Account Name:	-
	Network Account Domain:	-
	Logon GUID:		{78FCA5FF-A1CD-7D23-BE0D-6D99BA9F4F26}

Process Information:
	Process ID:		0x0
	Process Name:		-

Network Information:
	Workstation Name:	-
	Source Network Address:	192.168.208.100
	Source Port:		60176

Detailed Authentication Information:
	Logon Process:		Kerberos
	Authentication Package:	Kerberos
	Transited Services:	-
	Package Name (NTLM only):	-
	Key Length:		0

This event is generated when a logon session is created. It is generated on the computer that was accessed.

The subject fields indicate the account on the local system which requested the logon. This is most commonly a service such as the Server service, or a local process such as Winlogon.exe or Services.exe.

The logon type field indicates the kind of logon that occurred. The most common types are 2 (interactive) and 3 (network).

The New Logon fields indicate the account for whom the new logon was created, i.e. the account that was logged on.

The network fields indicate where a remote logon request originated. Workstation name is not always available and may be left blank in some cases.

The impersonation level field indicates the extent to which a process in the logon session can impersonate.

The authentication information fields provide detailed information about this specific logon request.
	- Logon GUID is a unique identifier that can be used to correlate this event with a KDC event.
	- Transited services indicate which intermediate services have participated in this logon request.
	- Package name indicates which sub-protocol was used among the NTLM protocols.
	- Key length indicates the length of the generated session key. This will be 0 if no session key was requested.","Microsoft-Windows-Security-Auditing","System.String[]","4624","12/11/2019 2:26:19 PM","12/11/2019 2:26:19 PM",,,
"4672","ISEC2077-VM01.isec2077.ca","System.Byte[]","54627","(12548)","12548","SuccessAudit","Special privileges assigned to new logon.

Subject:
	Security ID:		S-1-5-18
	Account Name:		ISEC2077-VM01$
	Account Domain:		ISEC2077
	Logon ID:		0x24b866

Privileges:		SeSecurityPrivilege
			SeBackupPrivilege
			SeRestorePrivilege
			SeTakeOwnershipPrivilege
			SeDebugPrivilege
			SeSystemEnvironmentPrivilege
			SeLoadDriverPrivilege
			SeImpersonatePrivilege
			SeDelegateSessionUserImpersonatePrivilege
			SeEnableDelegationPrivilege","Microsoft-Windows-Security-Auditing","System.String[]","4672","12/11/2019 2:26:19 PM","12/11/2019 2:26:19 PM",,,
"4634","ISEC2077-VM01.isec2077.ca","System.Byte[]","54626","(12545)","12545","SuccessAudit","An account was logged off.

Subject:
	Security ID:		S-1-5-18
	Account Name:		ISEC2077-VM01$
	Account Domain:		ISEC2077
	Logon ID:		0x24b747

Logon Type:			3

This event is generated when a logon session is destroyed. It may be positively correlated with a logon event using the Logon ID value. Logon IDs are only unique between reboots on the same computer.","Microsoft-Windows-Security-Auditing","System.String[]","4634","12/11/2019 2:26:19 PM","12/11/2019 2:26:19 PM",,,
"4634","ISEC2077-VM01.isec2077.ca","System.Byte[]","54625","(12545)","12545","SuccessAudit","An account was logged off.

Subject:
	Security ID:		S-1-5-18
	Account Name:		ISEC2077-VM01$
	Account Domain:		ISEC2077
	Logon ID:		0x24b7b0

Logon Type:			3

This event is generated when a logon session is destroyed. It may be positively correlated with a logon event using the Logon ID value. Logon IDs are only unique between reboots on the same computer.","Microsoft-Windows-Security-Auditing","System.String[]","4634","12/11/2019 2:26:19 PM","12/11/2019 2:26:19 PM",,,
"4624","ISEC2077-VM01.isec2077.ca","System.Byte[]","54624","(12544)","12544","SuccessAudit","An account was successfully logged on.

Subject:
	Security ID:		S-1-0-0
	Account Name:		-
	Account Domain:		-
	Logon ID:		0x0

Logon Information:
	Logon Type:		3
	Restricted Admin Mode:	-
	Virtual Account:		%%1843
	Elevated Token:		%%1842

Impersonation Level:		%%1833

New Logon:
	Security ID:		S-1-5-18
	Account Name:		ISEC2077-VM01$
	Account Domain:		ISEC2077.CA
	Logon ID:		0x24b7b0
	Linked Logon ID:		0x0
	Network Account Name:	-
	Network Account Domain:	-
	Logon GUID:		{EAF053B7-17C7-D7ED-028B-B88BFEE28F27}

Process Information:
	Process ID:		0x0
	Process Name:		-

Network Information:
	Workstation Name:	-
	Source Network Address:	-
	Source Port:		-

Detailed Authentication Information:
	Logon Process:		Kerberos
	Authentication Package:	Kerberos
	Transited Services:	-
	Package Name (NTLM only):	-
	Key Length:		0

This event is generated when a logon session is created. It is generated on the computer that was accessed.

The subject fields indicate the account on the local system which requested the logon. This is most commonly a service such as the Server service, or a local process such as Winlogon.exe or Services.exe.

The logon type field indicates the kind of logon that occurred. The most common types are 2 (interactive) and 3 (network).

The New Logon fields indicate the account for whom the new logon was created, i.e. the account that was logged on.

The network fields indicate where a remote logon request originated. Workstation name is not always available and may be left blank in some cases.

The impersonation level field indicates the extent to which a process in the logon session can impersonate.

The authentication information fields provide detailed information about this specific logon request.
	- Logon GUID is a unique identifier that can be used to correlate this event with a KDC event.
	- Transited services indicate which intermediate services have participated in this logon request.
	- Package name indicates which sub-protocol was used among the NTLM protocols.
	- Key length indicates the length of the generated session key. This will be 0 if no session key was requested.","Microsoft-Windows-Security-Auditing","System.String[]","4624","12/11/2019 2:26:19 PM","12/11/2019 2:26:19 PM",,,
"4672","ISEC2077-VM01.isec2077.ca","System.Byte[]","54623","(12548)","12548","SuccessAudit","Special privileges assigned to new logon.

Subject:
	Security ID:		S-1-5-18
	Account Name:		ISEC2077-VM01$
	Account Domain:		ISEC2077
	Logon ID:		0x24b7b0

Privileges:		SeSecurityPrivilege
			SeBackupPrivilege
			SeRestorePrivilege
			SeTakeOwnershipPrivilege
			SeDebugPrivilege
			SeSystemEnvironmentPrivilege
			SeLoadDriverPrivilege
			SeImpersonatePrivilege
			SeDelegateSessionUserImpersonatePrivilege
			SeEnableDelegationPrivilege","Microsoft-Windows-Security-Auditing","System.String[]","4672","12/11/2019 2:26:19 PM","12/11/2019 2:26:19 PM",,,
"4648","ISEC2077-VM01.isec2077.ca","System.Byte[]","54622","(12544)","12544","SuccessAudit","A logon was attempted using explicit credentials.

Subject:
	Security ID:		S-1-5-18
	Account Name:		ISEC2077-VM01$
	Account Domain:		ISEC2077
	Logon ID:		0x3e7
	Logon GUID:		{00000000-0000-0000-0000-000000000000}

Account Whose Credentials Were Used:
	Account Name:		ISEC2077-VM01$
	Account Domain:		ISEC2077.CA
	Logon GUID:		{33A9BC69-F33F-0C43-46C4-252CCBE20CCC}

Target Server:
	Target Server Name:	isec2077-vm01$
	Additional Information:	isec2077-vm01$

Process Information:
	Process ID:		0x1598
	Process Name:		C:\Windows\System32\taskhostw.exe

Network Information:
	Network Address:	-
	Port:			-

This event is generated when a process attempts to log on an account by explicitly specifying that account?s credentials.  This most commonly occurs in batch-type configurations such as scheduled tasks, or when using the RUNAS command.","Microsoft-Windows-Security-Auditing","System.String[]","4648","12/11/2019 2:26:19 PM","12/11/2019 2:26:19 PM",,,
"4769","ISEC2077-VM01.isec2077.ca","System.Byte[]","54621","(14337)","14337","SuccessAudit","A Kerberos service ticket was requested.

Account Information:
	Account Name:		ISEC2077-VM01$@ISEC2077.CA
	Account Domain:		ISEC2077.CA
	Logon GUID:		{33A9BC69-F33F-0C43-46C4-252CCBE20CCC}

Service Information:
	Service Name:		ISEC2077-VM01$
	Service ID:		S-1-5-21-3317395696-3792474407-1077275257-1001

Network Information:
	Client Address:		::1
	Client Port:		0

Additional Information:
	Ticket Options:		0x40810000
	Ticket Encryption Type:	0x12
	Failure Code:		0x0
	Transited Services:	-

This event is generated every time access is requested to a resource such as a computer or a Windows service.  The service name indicates the resource to which access was requested.

This event can be correlated with Windows logon events by comparing the Logon GUID fields in each event.  The logon event occurs on the machine that was accessed, which is often a different machine than the domain controller which issued the service ticket.

Ticket options, encryption types, and failure codes are defined in RFC 4120.","Microsoft-Windows-Security-Auditing","System.String[]","4769","12/11/2019 2:26:19 PM","12/11/2019 2:26:19 PM",,,
"4768","ISEC2077-VM01.isec2077.ca","System.Byte[]","54620","(14339)","14339","SuccessAudit","A Kerberos authentication ticket (TGT) was requested.

Account Information:
	Account Name:		ISEC2077-VM01$
	Supplied Realm Name:	ISEC2077.CA
	User ID:			S-1-5-21-3317395696-3792474407-1077275257-1001

Service Information:
	Service Name:		krbtgt
	Service ID:		S-1-5-21-3317395696-3792474407-1077275257-502

Network Information:
	Client Address:		::1
	Client Port:		0

Additional Information:
	Ticket Options:		0x40810010
	Result Code:		0x0
	Ticket Encryption Type:	0x12
	Pre-Authentication Type:	2

Certificate Information:
	Certificate Issuer Name:		
	Certificate Serial Number:	
	Certificate Thumbprint:		

Certificate information is only provided if a certificate was used for pre-authentication.

Pre-authentication types, ticket options, encryption types and result codes are defined in RFC 4120.","Microsoft-Windows-Security-Auditing","System.String[]","4768","12/11/2019 2:26:19 PM","12/11/2019 2:26:19 PM",,,
"4624","ISEC2077-VM01.isec2077.ca","System.Byte[]","54619","(12544)","12544","SuccessAudit","An account was successfully logged on.

Subject:
	Security ID:		S-1-0-0
	Account Name:		-
	Account Domain:		-
	Logon ID:		0x0

Logon Information:
	Logon Type:		3
	Restricted Admin Mode:	-
	Virtual Account:		%%1843
	Elevated Token:		%%1842

Impersonation Level:		%%1833

New Logon:
	Security ID:		S-1-5-18
	Account Name:		ISEC2077-VM01$
	Account Domain:		ISEC2077.CA
	Logon ID:		0x24b747
	Linked Logon ID:		0x0
	Network Account Name:	-
	Network Account Domain:	-
	Logon GUID:		{78FCA5FF-A1CD-7D23-BE0D-6D99BA9F4F26}

Process Information:
	Process ID:		0x0
	Process Name:		-

Network Information:
	Workstation Name:	-
	Source Network Address:	192.168.208.100
	Source Port:		60175

Detailed Authentication Information:
	Logon Process:		Kerberos
	Authentication Package:	Kerberos
	Transited Services:	-
	Package Name (NTLM only):	-
	Key Length:		0

This event is generated when a logon session is created. It is generated on the computer that was accessed.

The subject fields indicate the account on the local system which requested the logon. This is most commonly a service such as the Server service, or a local process such as Winlogon.exe or Services.exe.

The logon type field indicates the kind of logon that occurred. The most common types are 2 (interactive) and 3 (network).

The New Logon fields indicate the account for whom the new logon was created, i.e. the account that was logged on.

The network fields indicate where a remote logon request originated. Workstation name is not always available and may be left blank in some cases.

The impersonation level field indicates the extent to which a process in the logon session can impersonate.

The authentication information fields provide detailed information about this specific logon request.
	- Logon GUID is a unique identifier that can be used to correlate this event with a KDC event.
	- Transited services indicate which intermediate services have participated in this logon request.
	- Package name indicates which sub-protocol was used among the NTLM protocols.
	- Key length indicates the length of the generated session key. This will be 0 if no session key was requested.","Microsoft-Windows-Security-Auditing","System.String[]","4624","12/11/2019 2:26:18 PM","12/11/2019 2:26:18 PM",,,
"4672","ISEC2077-VM01.isec2077.ca","System.Byte[]","54618","(12548)","12548","SuccessAudit","Special privileges assigned to new logon.

Subject:
	Security ID:		S-1-5-18
	Account Name:		ISEC2077-VM01$
	Account Domain:		ISEC2077
	Logon ID:		0x24b747

Privileges:		SeSecurityPrivilege
			SeBackupPrivilege
			SeRestorePrivilege
			SeTakeOwnershipPrivilege
			SeDebugPrivilege
			SeSystemEnvironmentPrivilege
			SeLoadDriverPrivilege
			SeImpersonatePrivilege
			SeDelegateSessionUserImpersonatePrivilege
			SeEnableDelegationPrivilege","Microsoft-Windows-Security-Auditing","System.String[]","4672","12/11/2019 2:26:18 PM","12/11/2019 2:26:18 PM",,,
"4624","ISEC2077-VM01.isec2077.ca","System.Byte[]","54617","(12544)","12544","SuccessAudit","An account was successfully logged on.

Subject:
	Security ID:		S-1-0-0
	Account Name:		-
	Account Domain:		-
	Logon ID:		0x0

Logon Information:
	Logon Type:		3
	Restricted Admin Mode:	-
	Virtual Account:		%%1843
	Elevated Token:		%%1842

Impersonation Level:		%%1833

New Logon:
	Security ID:		S-1-5-18
	Account Name:		ISEC2077-VM01$
	Account Domain:		ISEC2077.CA
	Logon ID:		0x24b685
	Linked Logon ID:		0x0
	Network Account Name:	-
	Network Account Domain:	-
	Logon GUID:		{B34C2C51-F927-E3A7-742E-A8544A9000E3}

Process Information:
	Process ID:		0x0
	Process Name:		-

Network Information:
	Workstation Name:	-
	Source Network Address:	::1
	Source Port:		60174

Detailed Authentication Information:
	Logon Process:		Kerberos
	Authentication Package:	Kerberos
	Transited Services:	-
	Package Name (NTLM only):	-
	Key Length:		0

This event is generated when a logon session is created. It is generated on the computer that was accessed.

The subject fields indicate the account on the local system which requested the logon. This is most commonly a service such as the Server service, or a local process such as Winlogon.exe or Services.exe.

The logon type field indicates the kind of logon that occurred. The most common types are 2 (interactive) and 3 (network).

The New Logon fields indicate the account for whom the new logon was created, i.e. the account that was logged on.

The network fields indicate where a remote logon request originated. Workstation name is not always available and may be left blank in some cases.

The impersonation level field indicates the extent to which a process in the logon session can impersonate.

The authentication information fields provide detailed information about this specific logon request.
	- Logon GUID is a unique identifier that can be used to correlate this event with a KDC event.
	- Transited services indicate which intermediate services have participated in this logon request.
	- Package name indicates which sub-protocol was used among the NTLM protocols.
	- Key length indicates the length of the generated session key. This will be 0 if no session key was requested.","Microsoft-Windows-Security-Auditing","System.String[]","4624","12/11/2019 2:26:18 PM","12/11/2019 2:26:18 PM",,,
"4672","ISEC2077-VM01.isec2077.ca","System.Byte[]","54616","(12548)","12548","SuccessAudit","Special privileges assigned to new logon.

Subject:
	Security ID:		S-1-5-18
	Account Name:		ISEC2077-VM01$
	Account Domain:		ISEC2077
	Logon ID:		0x24b685

Privileges:		SeSecurityPrivilege
			SeBackupPrivilege
			SeRestorePrivilege
			SeTakeOwnershipPrivilege
			SeDebugPrivilege
			SeSystemEnvironmentPrivilege
			SeLoadDriverPrivilege
			SeImpersonatePrivilege
			SeDelegateSessionUserImpersonatePrivilege
			SeEnableDelegationPrivilege","Microsoft-Windows-Security-Auditing","System.String[]","4672","12/11/2019 2:26:18 PM","12/11/2019 2:26:18 PM",,,
"4954","ISEC2077-VM01.isec2077.ca","System.Byte[]","54615","(13571)","13571","SuccessAudit","Group Policy settings for Windows Firewall were changed, and the new settings were applied.","Microsoft-Windows-Security-Auditing","System.String[]","4954","12/11/2019 2:26:18 PM","12/11/2019 2:26:18 PM",,,
"4688","ISEC2077-VM01.isec2077.ca","System.Byte[]","54614","(13312)","13312","SuccessAudit","A new process has been created.

Creator Subject:
	Security ID:		S-1-5-18
	Account Name:		ISEC2077-VM01$
	Account Domain:		ISEC2077
	Logon ID:		0x3e7

Target Subject:
	Security ID:		S-1-0-0
	Account Name:		-
	Account Domain:		-
	Logon ID:		0x0

Process Information:
	New Process ID:		0x1598
	New Process Name:	C
	Token Elevation Type:	%%1936
	Mandatory Label:		S-1-16-16384
	Creator Process ID:	0x518
	Creator Process Name:	C
	Process Command Line:	

Token Elevation Type indicates the type of token that was assigned to the new process in accordance with User Account Control policy.

Type 1 is a full token with no privileges removed or groups disabled.  A full token is only used if User Account Control is disabled or if the user is the built-in Administrator account or a service account.

Type 2 is an elevated token with no privileges removed or groups disabled.  An elevated token is used when User Account Control is enabled and the user chooses to start the program using Run as administrator.  An elevated token is also used when an application is configured to always require administrative privilege or to always require maximum privilege, and the user is a member of the Administrators group.

Type 3 is a limited token with administrative privileges removed and administrative groups disabled.  The limited token is used when User Account Control is enabled, the application does not require administrative privilege, and the user does not choose to start the program using Run as administrator.","Microsoft-Windows-Security-Auditing","System.String[]","4688","12/11/2019 2:26:18 PM","12/11/2019 2:26:18 PM",,,
"4634","ISEC2077-VM01.isec2077.ca","System.Byte[]","54613","(12545)","12545","SuccessAudit","An account was logged off.

Subject:
	Security ID:		S-1-5-18
	Account Name:		ISEC2077-VM01$
	Account Domain:		ISEC2077
	Logon ID:		0x247b79

Logon Type:			3

This event is generated when a logon session is destroyed. It may be positively correlated with a logon event using the Logon ID value. Logon IDs are only unique between reboots on the same computer.","Microsoft-Windows-Security-Auditing","System.String[]","4634","12/11/2019 2:26:18 PM","12/11/2019 2:26:18 PM",,,
"4634","ISEC2077-VM01.isec2077.ca","System.Byte[]","54612","(12545)","12545","SuccessAudit","An account was logged off.

Subject:
	Security ID:		S-1-5-18
	Account Name:		ISEC2077-VM01$
	Account Domain:		ISEC2077
	Logon ID:		0x247c63

Logon Type:			3

This event is generated when a logon session is destroyed. It may be positively correlated with a logon event using the Logon ID value. Logon IDs are only unique between reboots on the same computer.","Microsoft-Windows-Security-Auditing","System.String[]","4634","12/11/2019 2:26:17 PM","12/11/2019 2:26:17 PM",,,
"4634","ISEC2077-VM01.isec2077.ca","System.Byte[]","54611","(12545)","12545","SuccessAudit","An account was logged off.

Subject:
	Security ID:		S-1-5-18
	Account Name:		ISEC2077-VM01$
	Account Domain:		ISEC2077
	Logon ID:		0x247cab

Logon Type:			3

This event is generated when a logon session is destroyed. It may be positively correlated with a logon event using the Logon ID value. Logon IDs are only unique between reboots on the same computer.","Microsoft-Windows-Security-Auditing","System.String[]","4634","12/11/2019 2:26:17 PM","12/11/2019 2:26:17 PM",,,
"4624","ISEC2077-VM01.isec2077.ca","System.Byte[]","54610","(12544)","12544","SuccessAudit","An account was successfully logged on.

Subject:
	Security ID:		S-1-0-0
	Account Name:		-
	Account Domain:		-
	Logon ID:		0x0

Logon Information:
	Logon Type:		3
	Restricted Admin Mode:	-
	Virtual Account:		%%1843
	Elevated Token:		%%1842

Impersonation Level:		%%1840

New Logon:
	Security ID:		S-1-5-18
	Account Name:		ISEC2077-VM01$
	Account Domain:		ISEC2077.CA
	Logon ID:		0x247d10
	Linked Logon ID:		0x0
	Network Account Name:	-
	Network Account Domain:	-
	Logon GUID:		{78FCA5FF-A1CD-7D23-BE0D-6D99BA9F4F26}

Process Information:
	Process ID:		0x0
	Process Name:		-

Network Information:
	Workstation Name:	-
	Source Network Address:	fe80::4563:b16d:72b8:c063
	Source Port:		60173

Detailed Authentication Information:
	Logon Process:		Kerberos
	Authentication Package:	Kerberos
	Transited Services:	-
	Package Name (NTLM only):	-
	Key Length:		0

This event is generated when a logon session is created. It is generated on the computer that was accessed.

The subject fields indicate the account on the local system which requested the logon. This is most commonly a service such as the Server service, or a local process such as Winlogon.exe or Services.exe.

The logon type field indicates the kind of logon that occurred. The most common types are 2 (interactive) and 3 (network).

The New Logon fields indicate the account for whom the new logon was created, i.e. the account that was logged on.

The network fields indicate where a remote logon request originated. Workstation name is not always available and may be left blank in some cases.

The impersonation level field indicates the extent to which a process in the logon session can impersonate.

The authentication information fields provide detailed information about this specific logon request.
	- Logon GUID is a unique identifier that can be used to correlate this event with a KDC event.
	- Transited services indicate which intermediate services have participated in this logon request.
	- Package name indicates which sub-protocol was used among the NTLM protocols.
	- Key length indicates the length of the generated session key. This will be 0 if no session key was requested.","Microsoft-Windows-Security-Auditing","System.String[]","4624","12/11/2019 2:26:17 PM","12/11/2019 2:26:17 PM",,,
"4672","ISEC2077-VM01.isec2077.ca","System.Byte[]","54609","(12548)","12548","SuccessAudit","Special privileges assigned to new logon.

Subject:
	Security ID:		S-1-5-18
	Account Name:		ISEC2077-VM01$
	Account Domain:		ISEC2077
	Logon ID:		0x247d10

Privileges:		SeSecurityPrivilege
			SeBackupPrivilege
			SeRestorePrivilege
			SeTakeOwnershipPrivilege
			SeDebugPrivilege
			SeSystemEnvironmentPrivilege
			SeLoadDriverPrivilege
			SeImpersonatePrivilege
			SeDelegateSessionUserImpersonatePrivilege
			SeEnableDelegationPrivilege","Microsoft-Windows-Security-Auditing","System.String[]","4672","12/11/2019 2:26:17 PM","12/11/2019 2:26:17 PM",,,
"4624","ISEC2077-VM01.isec2077.ca","System.Byte[]","54608","(12544)","12544","SuccessAudit","An account was successfully logged on.

Subject:
	Security ID:		S-1-0-0
	Account Name:		-
	Account Domain:		-
	Logon ID:		0x0

Logon Information:
	Logon Type:		3
	Restricted Admin Mode:	-
	Virtual Account:		%%1843
	Elevated Token:		%%1842

Impersonation Level:		%%1833

New Logon:
	Security ID:		S-1-5-18
	Account Name:		ISEC2077-VM01$
	Account Domain:		ISEC2077.CA
	Logon ID:		0x247cab
	Linked Logon ID:		0x0
	Network Account Name:	-
	Network Account Domain:	-
	Logon GUID:		{78FCA5FF-A1CD-7D23-BE0D-6D99BA9F4F26}

Process Information:
	Process ID:		0x0
	Process Name:		-

Network Information:
	Workstation Name:	-
	Source Network Address:	192.168.208.100
	Source Port:		60172

Detailed Authentication Information:
	Logon Process:		Kerberos
	Authentication Package:	Kerberos
	Transited Services:	-
	Package Name (NTLM only):	-
	Key Length:		0

This event is generated when a logon session is created. It is generated on the computer that was accessed.

The subject fields indicate the account on the local system which requested the logon. This is most commonly a service such as the Server service, or a local process such as Winlogon.exe or Services.exe.

The logon type field indicates the kind of logon that occurred. The most common types are 2 (interactive) and 3 (network).

The New Logon fields indicate the account for whom the new logon was created, i.e. the account that was logged on.

The network fields indicate where a remote logon request originated. Workstation name is not always available and may be left blank in some cases.

The impersonation level field indicates the extent to which a process in the logon session can impersonate.

The authentication information fields provide detailed information about this specific logon request.
	- Logon GUID is a unique identifier that can be used to correlate this event with a KDC event.
	- Transited services indicate which intermediate services have participated in this logon request.
	- Package name indicates which sub-protocol was used among the NTLM protocols.
	- Key length indicates the length of the generated session key. This will be 0 if no session key was requested.","Microsoft-Windows-Security-Auditing","System.String[]","4624","12/11/2019 2:26:17 PM","12/11/2019 2:26:17 PM",,,
"4672","ISEC2077-VM01.isec2077.ca","System.Byte[]","54607","(12548)","12548","SuccessAudit","Special privileges assigned to new logon.

Subject:
	Security ID:		S-1-5-18
	Account Name:		ISEC2077-VM01$
	Account Domain:		ISEC2077
	Logon ID:		0x247cab

Privileges:		SeSecurityPrivilege
			SeBackupPrivilege
			SeRestorePrivilege
			SeTakeOwnershipPrivilege
			SeDebugPrivilege
			SeSystemEnvironmentPrivilege
			SeLoadDriverPrivilege
			SeImpersonatePrivilege
			SeDelegateSessionUserImpersonatePrivilege
			SeEnableDelegationPrivilege","Microsoft-Windows-Security-Auditing","System.String[]","4672","12/11/2019 2:26:17 PM","12/11/2019 2:26:17 PM",,,
"4624","ISEC2077-VM01.isec2077.ca","System.Byte[]","54606","(12544)","12544","SuccessAudit","An account was successfully logged on.

Subject:
	Security ID:		S-1-0-0
	Account Name:		-
	Account Domain:		-
	Logon ID:		0x0

Logon Information:
	Logon Type:		3
	Restricted Admin Mode:	-
	Virtual Account:		%%1843
	Elevated Token:		%%1842

Impersonation Level:		%%1833

New Logon:
	Security ID:		S-1-5-18
	Account Name:		ISEC2077-VM01$
	Account Domain:		ISEC2077.CA
	Logon ID:		0x247c63
	Linked Logon ID:		0x0
	Network Account Name:	-
	Network Account Domain:	-
	Logon GUID:		{DE5D9669-7171-DC7D-5459-08874D1AF8EA}

Process Information:
	Process ID:		0x0
	Process Name:		-

Network Information:
	Workstation Name:	-
	Source Network Address:	::1
	Source Port:		0

Detailed Authentication Information:
	Logon Process:		Kerberos
	Authentication Package:	Kerberos
	Transited Services:	-
	Package Name (NTLM only):	-
	Key Length:		0

This event is generated when a logon session is created. It is generated on the computer that was accessed.

The subject fields indicate the account on the local system which requested the logon. This is most commonly a service such as the Server service, or a local process such as Winlogon.exe or Services.exe.

The logon type field indicates the kind of logon that occurred. The most common types are 2 (interactive) and 3 (network).

The New Logon fields indicate the account for whom the new logon was created, i.e. the account that was logged on.

The network fields indicate where a remote logon request originated. Workstation name is not always available and may be left blank in some cases.

The impersonation level field indicates the extent to which a process in the logon session can impersonate.

The authentication information fields provide detailed information about this specific logon request.
	- Logon GUID is a unique identifier that can be used to correlate this event with a KDC event.
	- Transited services indicate which intermediate services have participated in this logon request.
	- Package name indicates which sub-protocol was used among the NTLM protocols.
	- Key length indicates the length of the generated session key. This will be 0 if no session key was requested.","Microsoft-Windows-Security-Auditing","System.String[]","4624","12/11/2019 2:26:17 PM","12/11/2019 2:26:17 PM",,,
"4672","ISEC2077-VM01.isec2077.ca","System.Byte[]","54605","(12548)","12548","SuccessAudit","Special privileges assigned to new logon.

Subject:
	Security ID:		S-1-5-18
	Account Name:		ISEC2077-VM01$
	Account Domain:		ISEC2077
	Logon ID:		0x247c63

Privileges:		SeSecurityPrivilege
			SeBackupPrivilege
			SeRestorePrivilege
			SeTakeOwnershipPrivilege
			SeDebugPrivilege
			SeSystemEnvironmentPrivilege
			SeLoadDriverPrivilege
			SeImpersonatePrivilege
			SeDelegateSessionUserImpersonatePrivilege
			SeEnableDelegationPrivilege","Microsoft-Windows-Security-Auditing","System.String[]","4672","12/11/2019 2:26:17 PM","12/11/2019 2:26:17 PM",,,
"4624","ISEC2077-VM01.isec2077.ca","System.Byte[]","54604","(12544)","12544","SuccessAudit","An account was successfully logged on.

Subject:
	Security ID:		S-1-0-0
	Account Name:		-
	Account Domain:		-
	Logon ID:		0x0

Logon Information:
	Logon Type:		3
	Restricted Admin Mode:	-
	Virtual Account:		%%1843
	Elevated Token:		%%1842

Impersonation Level:		%%1833

New Logon:
	Security ID:		S-1-5-18
	Account Name:		ISEC2077-VM01$
	Account Domain:		ISEC2077.CA
	Logon ID:		0x247b79
	Linked Logon ID:		0x0
	Network Account Name:	-
	Network Account Domain:	-
	Logon GUID:		{78FCA5FF-A1CD-7D23-BE0D-6D99BA9F4F26}

Process Information:
	Process ID:		0x0
	Process Name:		-

Network Information:
	Workstation Name:	-
	Source Network Address:	fe80::4563:b16d:72b8:c063
	Source Port:		60171

Detailed Authentication Information:
	Logon Process:		Kerberos
	Authentication Package:	Kerberos
	Transited Services:	-
	Package Name (NTLM only):	-
	Key Length:		0

This event is generated when a logon session is created. It is generated on the computer that was accessed.

The subject fields indicate the account on the local system which requested the logon. This is most commonly a service such as the Server service, or a local process such as Winlogon.exe or Services.exe.

The logon type field indicates the kind of logon that occurred. The most common types are 2 (interactive) and 3 (network).

The New Logon fields indicate the account for whom the new logon was created, i.e. the account that was logged on.

The network fields indicate where a remote logon request originated. Workstation name is not always available and may be left blank in some cases.

The impersonation level field indicates the extent to which a process in the logon session can impersonate.

The authentication information fields provide detailed information about this specific logon request.
	- Logon GUID is a unique identifier that can be used to correlate this event with a KDC event.
	- Transited services indicate which intermediate services have participated in this logon request.
	- Package name indicates which sub-protocol was used among the NTLM protocols.
	- Key length indicates the length of the generated session key. This will be 0 if no session key was requested.","Microsoft-Windows-Security-Auditing","System.String[]","4624","12/11/2019 2:26:17 PM","12/11/2019 2:26:17 PM",,,
"4672","ISEC2077-VM01.isec2077.ca","System.Byte[]","54603","(12548)","12548","SuccessAudit","Special privileges assigned to new logon.

Subject:
	Security ID:		S-1-5-18
	Account Name:		ISEC2077-VM01$
	Account Domain:		ISEC2077
	Logon ID:		0x247b79

Privileges:		SeSecurityPrivilege
			SeBackupPrivilege
			SeRestorePrivilege
			SeTakeOwnershipPrivilege
			SeDebugPrivilege
			SeSystemEnvironmentPrivilege
			SeLoadDriverPrivilege
			SeImpersonatePrivilege
			SeDelegateSessionUserImpersonatePrivilege
			SeEnableDelegationPrivilege","Microsoft-Windows-Security-Auditing","System.String[]","4672","12/11/2019 2:26:17 PM","12/11/2019 2:26:17 PM",,,
"4688","ISEC2077-VM01.isec2077.ca","System.Byte[]","54602","(13312)","13312","SuccessAudit","A new process has been created.

Creator Subject:
	Security ID:		S-1-5-18
	Account Name:		ISEC2077-VM01$
	Account Domain:		ISEC2077
	Logon ID:		0x3e7

Target Subject:
	Security ID:		S-1-0-0
	Account Name:		-
	Account Domain:		-
	Logon ID:		0x0

Process Information:
	New Process ID:		0x780
	New Process Name:	C
	Token Elevation Type:	%%1936
	Mandatory Label:		S-1-16-16384
	Creator Process ID:	0x4e8
	Creator Process Name:	C
	Process Command Line:	

Token Elevation Type indicates the type of token that was assigned to the new process in accordance with User Account Control policy.

Type 1 is a full token with no privileges removed or groups disabled.  A full token is only used if User Account Control is disabled or if the user is the built-in Administrator account or a service account.

Type 2 is an elevated token with no privileges removed or groups disabled.  An elevated token is used when User Account Control is enabled and the user chooses to start the program using Run as administrator.  An elevated token is also used when an application is configured to always require administrative privilege or to always require maximum privilege, and the user is a member of the Administrators group.

Type 3 is a limited token with administrative privileges removed and administrative groups disabled.  The limited token is used when User Account Control is enabled, the application does not require administrative privilege, and the user does not choose to start the program using Run as administrator.","Microsoft-Windows-Security-Auditing","System.String[]","4688","12/11/2019 2:26:16 PM","12/11/2019 2:26:16 PM",,,
"4688","ISEC2077-VM01.isec2077.ca","System.Byte[]","54601","(13312)","13312","SuccessAudit","A new process has been created.

Creator Subject:
	Security ID:		S-1-5-18
	Account Name:		ISEC2077-VM01$
	Account Domain:		ISEC2077
	Logon ID:		0x3e7

Target Subject:
	Security ID:		S-1-0-0
	Account Name:		-
	Account Domain:		-
	Logon ID:		0x0

Process Information:
	New Process ID:		0x8b4
	New Process Name:	C
	Token Elevation Type:	%%1936
	Mandatory Label:		S-1-16-16384
	Creator Process ID:	0x4e8
	Creator Process Name:	C
	Process Command Line:	

Token Elevation Type indicates the type of token that was assigned to the new process in accordance with User Account Control policy.

Type 1 is a full token with no privileges removed or groups disabled.  A full token is only used if User Account Control is disabled or if the user is the built-in Administrator account or a service account.

Type 2 is an elevated token with no privileges removed or groups disabled.  An elevated token is used when User Account Control is enabled and the user chooses to start the program using Run as administrator.  An elevated token is also used when an application is configured to always require administrative privilege or to always require maximum privilege, and the user is a member of the Administrators group.

Type 3 is a limited token with administrative privileges removed and administrative groups disabled.  The limited token is used when User Account Control is enabled, the application does not require administrative privilege, and the user does not choose to start the program using Run as administrator.","Microsoft-Windows-Security-Auditing","System.String[]","4688","12/11/2019 2:26:15 PM","12/11/2019 2:26:15 PM",,,
"4688","ISEC2077-VM01.isec2077.ca","System.Byte[]","54600","(13312)","13312","SuccessAudit","A new process has been created.

Creator Subject:
	Security ID:		S-1-5-18
	Account Name:		ISEC2077-VM01$
	Account Domain:		ISEC2077
	Logon ID:		0x3e7

Target Subject:
	Security ID:		S-1-0-0
	Account Name:		-
