	Account Domain:		-
	Logon ID:		0x0

Process Information:
	New Process ID:		0x116c
	New Process Name:	C
	Token Elevation Type:	%%1936
	Mandatory Label:		S-1-16-16384
	Creator Process ID:	0x4e8
	Creator Process Name:	C
	Process Command Line:	

Token Elevation Type indicates the type of token that was assigned to the new process in accordance with User Account Control policy.

Type 1 is a full token with no privileges removed or groups disabled.  A full token is only used if User Account Control is disabled or if the user is the built-in Administrator account or a service account.

Type 2 is an elevated token with no privileges removed or groups disabled.  An elevated token is used when User Account Control is enabled and the user chooses to start the program using Run as administrator.  An elevated token is also used when an application is configured to always require administrative privilege or to always require maximum privilege, and the user is a member of the Administrators group.

Type 3 is a limited token with administrative privileges removed and administrative groups disabled.  The limited token is used when User Account Control is enabled, the application does not require administrative privilege, and the user does not choose to start the program using Run as administrator.","Microsoft-Windows-Security-Auditing","System.String[]","4688","12/11/2019 2:21:21 PM","12/11/2019 2:21:21 PM",,,
"4688","ISEC2077-VM01.isec2077.ca","System.Byte[]","54273","(13312)","13312","SuccessAudit","A new process has been created.

Creator Subject:
	Security ID:		S-1-5-18
	Account Name:		ISEC2077-VM01$
	Account Domain:		ISEC2077
	Logon ID:		0x3e7

Target Subject:
	Security ID:		S-1-0-0
	Account Name:		-
	Account Domain:		-
	Logon ID:		0x0

Process Information:
	New Process ID:		0x10d8
	New Process Name:	C
	Token Elevation Type:	%%1936
	Mandatory Label:		S-1-16-16384
	Creator Process ID:	0xfd4
	Creator Process Name:	C
	Process Command Line:	

Token Elevation Type indicates the type of token that was assigned to the new process in accordance with User Account Control policy.

Type 1 is a full token with no privileges removed or groups disabled.  A full token is only used if User Account Control is disabled or if the user is the built-in Administrator account or a service account.

Type 2 is an elevated token with no privileges removed or groups disabled.  An elevated token is used when User Account Control is enabled and the user chooses to start the program using Run as administrator.  An elevated token is also used when an application is configured to always require administrative privilege or to always require maximum privilege, and the user is a member of the Administrators group.

Type 3 is a limited token with administrative privileges removed and administrative groups disabled.  The limited token is used when User Account Control is enabled, the application does not require administrative privilege, and the user does not choose to start the program using Run as administrator.","Microsoft-Windows-Security-Auditing","System.String[]","4688","12/11/2019 2:21:19 PM","12/11/2019 2:21:19 PM",,,
"4954","ISEC2077-VM01.isec2077.ca","System.Byte[]","54272","(13571)","13571","SuccessAudit","Group Policy settings for Windows Firewall were changed, and the new settings were applied.","Microsoft-Windows-Security-Auditing","System.String[]","4954","12/11/2019 2:21:19 PM","12/11/2019 2:21:19 PM",,,
"4688","ISEC2077-VM01.isec2077.ca","System.Byte[]","54271","(13312)","13312","SuccessAudit","A new process has been created.

Creator Subject:
	Security ID:		S-1-5-18
	Account Name:		ISEC2077-VM01$
	Account Domain:		ISEC2077
	Logon ID:		0x3e7

Target Subject:
	Security ID:		S-1-0-0
	Account Name:		-
	Account Domain:		-
	Logon ID:		0x0

Process Information:
	New Process ID:		0x10a8
	New Process Name:	C
	Token Elevation Type:	%%1936
	Mandatory Label:		S-1-16-16384
	Creator Process ID:	0xfd4
	Creator Process Name:	C
	Process Command Line:	

Token Elevation Type indicates the type of token that was assigned to the new process in accordance with User Account Control policy.

Type 1 is a full token with no privileges removed or groups disabled.  A full token is only used if User Account Control is disabled or if the user is the built-in Administrator account or a service account.

Type 2 is an elevated token with no privileges removed or groups disabled.  An elevated token is used when User Account Control is enabled and the user chooses to start the program using Run as administrator.  An elevated token is also used when an application is configured to always require administrative privilege or to always require maximum privilege, and the user is a member of the Administrators group.

Type 3 is a limited token with administrative privileges removed and administrative groups disabled.  The limited token is used when User Account Control is enabled, the application does not require administrative privilege, and the user does not choose to start the program using Run as administrator.","Microsoft-Windows-Security-Auditing","System.String[]","4688","12/11/2019 2:21:19 PM","12/11/2019 2:21:19 PM",,,
"4688","ISEC2077-VM01.isec2077.ca","System.Byte[]","54270","(13312)","13312","SuccessAudit","A new process has been created.

Creator Subject:
	Security ID:		S-1-5-18
	Account Name:		ISEC2077-VM01$
	Account Domain:		ISEC2077
	Logon ID:		0x3e7

Target Subject:
	Security ID:		S-1-0-0
	Account Name:		-
	Account Domain:		-
	Logon ID:		0x0

Process Information:
	New Process ID:		0x109c
	New Process Name:	C
	Token Elevation Type:	%%1936
	Mandatory Label:		S-1-16-16384
	Creator Process ID:	0x518
	Creator Process Name:	C
	Process Command Line:	

Token Elevation Type indicates the type of token that was assigned to the new process in accordance with User Account Control policy.

Type 1 is a full token with no privileges removed or groups disabled.  A full token is only used if User Account Control is disabled or if the user is the built-in Administrator account or a service account.

Type 2 is an elevated token with no privileges removed or groups disabled.  An elevated token is used when User Account Control is enabled and the user chooses to start the program using Run as administrator.  An elevated token is also used when an application is configured to always require administrative privilege or to always require maximum privilege, and the user is a member of the Administrators group.

Type 3 is a limited token with administrative privileges removed and administrative groups disabled.  The limited token is used when User Account Control is enabled, the application does not require administrative privilege, and the user does not choose to start the program using Run as administrator.","Microsoft-Windows-Security-Auditing","System.String[]","4688","12/11/2019 2:21:19 PM","12/11/2019 2:21:19 PM",,,
"4688","ISEC2077-VM01.isec2077.ca","System.Byte[]","54269","(13312)","13312","SuccessAudit","A new process has been created.

Creator Subject:
	Security ID:		S-1-5-18
	Account Name:		ISEC2077-VM01$
	Account Domain:		ISEC2077
	Logon ID:		0x3e7

Target Subject:
	Security ID:		S-1-0-0
	Account Name:		-
	Account Domain:		-
	Logon ID:		0x0

Process Information:
	New Process ID:		0x108c
	New Process Name:	C
	Token Elevation Type:	%%1936
	Mandatory Label:		S-1-16-16384
	Creator Process ID:	0x4e8
	Creator Process Name:	C
	Process Command Line:	

Token Elevation Type indicates the type of token that was assigned to the new process in accordance with User Account Control policy.

Type 1 is a full token with no privileges removed or groups disabled.  A full token is only used if User Account Control is disabled or if the user is the built-in Administrator account or a service account.

Type 2 is an elevated token with no privileges removed or groups disabled.  An elevated token is used when User Account Control is enabled and the user chooses to start the program using Run as administrator.  An elevated token is also used when an application is configured to always require administrative privilege or to always require maximum privilege, and the user is a member of the Administrators group.

Type 3 is a limited token with administrative privileges removed and administrative groups disabled.  The limited token is used when User Account Control is enabled, the application does not require administrative privilege, and the user does not choose to start the program using Run as administrator.","Microsoft-Windows-Security-Auditing","System.String[]","4688","12/11/2019 2:21:19 PM","12/11/2019 2:21:19 PM",,,
"4688","ISEC2077-VM01.isec2077.ca","System.Byte[]","54268","(13312)","13312","SuccessAudit","A new process has been created.

Creator Subject:
	Security ID:		S-1-5-18
	Account Name:		ISEC2077-VM01$
	Account Domain:		ISEC2077
	Logon ID:		0x3e7

Target Subject:
	Security ID:		S-1-0-0
	Account Name:		-
	Account Domain:		-
	Logon ID:		0x0

Process Information:
	New Process ID:		0x1064
	New Process Name:	C
	Token Elevation Type:	%%1936
	Mandatory Label:		S-1-16-16384
	Creator Process ID:	0xeb8
	Creator Process Name:	C
	Process Command Line:	

Token Elevation Type indicates the type of token that was assigned to the new process in accordance with User Account Control policy.

Type 1 is a full token with no privileges removed or groups disabled.  A full token is only used if User Account Control is disabled or if the user is the built-in Administrator account or a service account.

Type 2 is an elevated token with no privileges removed or groups disabled.  An elevated token is used when User Account Control is enabled and the user chooses to start the program using Run as administrator.  An elevated token is also used when an application is configured to always require administrative privilege or to always require maximum privilege, and the user is a member of the Administrators group.

Type 3 is a limited token with administrative privileges removed and administrative groups disabled.  The limited token is used when User Account Control is enabled, the application does not require administrative privilege, and the user does not choose to start the program using Run as administrator.","Microsoft-Windows-Security-Auditing","System.String[]","4688","12/11/2019 2:21:18 PM","12/11/2019 2:21:18 PM",,,
"4688","ISEC2077-VM01.isec2077.ca","System.Byte[]","54267","(13312)","13312","SuccessAudit","A new process has been created.

Creator Subject:
	Security ID:		S-1-5-18
	Account Name:		ISEC2077-VM01$
	Account Domain:		ISEC2077
	Logon ID:		0x3e7

Target Subject:
	Security ID:		S-1-0-0
	Account Name:		-
	Account Domain:		-
	Logon ID:		0x0

Process Information:
	New Process ID:		0x1024
	New Process Name:	C
	Token Elevation Type:	%%1936
	Mandatory Label:		S-1-16-16384
	Creator Process ID:	0xf1c
	Creator Process Name:	C
	Process Command Line:	

Token Elevation Type indicates the type of token that was assigned to the new process in accordance with User Account Control policy.

Type 1 is a full token with no privileges removed or groups disabled.  A full token is only used if User Account Control is disabled or if the user is the built-in Administrator account or a service account.

Type 2 is an elevated token with no privileges removed or groups disabled.  An elevated token is used when User Account Control is enabled and the user chooses to start the program using Run as administrator.  An elevated token is also used when an application is configured to always require administrative privilege or to always require maximum privilege, and the user is a member of the Administrators group.

Type 3 is a limited token with administrative privileges removed and administrative groups disabled.  The limited token is used when User Account Control is enabled, the application does not require administrative privilege, and the user does not choose to start the program using Run as administrator.","Microsoft-Windows-Security-Auditing","System.String[]","4688","12/11/2019 2:21:18 PM","12/11/2019 2:21:18 PM",,,
"4634","ISEC2077-VM01.isec2077.ca","System.Byte[]","54266","(12545)","12545","SuccessAudit","An account was logged off.

Subject:
	Security ID:		S-1-5-18
	Account Name:		ISEC2077-VM01$
	Account Domain:		ISEC2077
	Logon ID:		0x5f677

Logon Type:			3

This event is generated when a logon session is destroyed. It may be positively correlated with a logon event using the Logon ID value. Logon IDs are only unique between reboots on the same computer.","Microsoft-Windows-Security-Auditing","System.String[]","4634","12/11/2019 2:21:17 PM","12/11/2019 2:21:17 PM",,,
"4688","ISEC2077-VM01.isec2077.ca","System.Byte[]","54265","(13312)","13312","SuccessAudit","A new process has been created.

Creator Subject:
	Security ID:		S-1-5-18
	Account Name:		ISEC2077-VM01$
	Account Domain:		ISEC2077
	Logon ID:		0x3e7

Target Subject:
	Security ID:		S-1-0-0
	Account Name:		-
	Account Domain:		-
	Logon ID:		0x0

Process Information:
	New Process ID:		0xeb8
	New Process Name:	C
	Token Elevation Type:	%%1936
	Mandatory Label:		S-1-16-16384
	Creator Process ID:	0x4e8
	Creator Process Name:	C
	Process Command Line:	

Token Elevation Type indicates the type of token that was assigned to the new process in accordance with User Account Control policy.

Type 1 is a full token with no privileges removed or groups disabled.  A full token is only used if User Account Control is disabled or if the user is the built-in Administrator account or a service account.

Type 2 is an elevated token with no privileges removed or groups disabled.  An elevated token is used when User Account Control is enabled and the user chooses to start the program using Run as administrator.  An elevated token is also used when an application is configured to always require administrative privilege or to always require maximum privilege, and the user is a member of the Administrators group.

Type 3 is a limited token with administrative privileges removed and administrative groups disabled.  The limited token is used when User Account Control is enabled, the application does not require administrative privilege, and the user does not choose to start the program using Run as administrator.","Microsoft-Windows-Security-Auditing","System.String[]","4688","12/11/2019 2:21:17 PM","12/11/2019 2:21:17 PM",,,
"4688","ISEC2077-VM01.isec2077.ca","System.Byte[]","54264","(13312)","13312","SuccessAudit","A new process has been created.

Creator Subject:
	Security ID:		S-1-5-18
	Account Name:		ISEC2077-VM01$
	Account Domain:		ISEC2077
	Logon ID:		0x3e7

Target Subject:
	Security ID:		S-1-0-0
	Account Name:		-
	Account Domain:		-
	Logon ID:		0x0

Process Information:
	New Process ID:		0xfd4
	New Process Name:	C
	Token Elevation Type:	%%1936
	Mandatory Label:		S-1-16-16384
	Creator Process ID:	0x4e8
	Creator Process Name:	C
	Process Command Line:	

Token Elevation Type indicates the type of token that was assigned to the new process in accordance with User Account Control policy.

Type 1 is a full token with no privileges removed or groups disabled.  A full token is only used if User Account Control is disabled or if the user is the built-in Administrator account or a service account.

Type 2 is an elevated token with no privileges removed or groups disabled.  An elevated token is used when User Account Control is enabled and the user chooses to start the program using Run as administrator.  An elevated token is also used when an application is configured to always require administrative privilege or to always require maximum privilege, and the user is a member of the Administrators group.

Type 3 is a limited token with administrative privileges removed and administrative groups disabled.  The limited token is used when User Account Control is enabled, the application does not require administrative privilege, and the user does not choose to start the program using Run as administrator.","Microsoft-Windows-Security-Auditing","System.String[]","4688","12/11/2019 2:21:17 PM","12/11/2019 2:21:17 PM",,,
"4688","ISEC2077-VM01.isec2077.ca","System.Byte[]","54263","(13312)","13312","SuccessAudit","A new process has been created.

Creator Subject:
	Security ID:		S-1-5-18
	Account Name:		ISEC2077-VM01$
	Account Domain:		ISEC2077
	Logon ID:		0x3e7

Target Subject:
	Security ID:		S-1-0-0
	Account Name:		-
	Account Domain:		-
	Logon ID:		0x0

Process Information:
	New Process ID:		0xf20
	New Process Name:	C
	Token Elevation Type:	%%1936
	Mandatory Label:		S-1-16-16384
	Creator Process ID:	0x4e8
	Creator Process Name:	C
	Process Command Line:	

Token Elevation Type indicates the type of token that was assigned to the new process in accordance with User Account Control policy.

Type 1 is a full token with no privileges removed or groups disabled.  A full token is only used if User Account Control is disabled or if the user is the built-in Administrator account or a service account.

Type 2 is an elevated token with no privileges removed or groups disabled.  An elevated token is used when User Account Control is enabled and the user chooses to start the program using Run as administrator.  An elevated token is also used when an application is configured to always require administrative privilege or to always require maximum privilege, and the user is a member of the Administrators group.

Type 3 is a limited token with administrative privileges removed and administrative groups disabled.  The limited token is used when User Account Control is enabled, the application does not require administrative privilege, and the user does not choose to start the program using Run as administrator.","Microsoft-Windows-Security-Auditing","System.String[]","4688","12/11/2019 2:21:16 PM","12/11/2019 2:21:16 PM",,,
"4688","ISEC2077-VM01.isec2077.ca","System.Byte[]","54262","(13312)","13312","SuccessAudit","A new process has been created.

Creator Subject:
	Security ID:		S-1-5-18
	Account Name:		ISEC2077-VM01$
	Account Domain:		ISEC2077
	Logon ID:		0x3e7

Target Subject:
	Security ID:		S-1-0-0
	Account Name:		-
	Account Domain:		-
	Logon ID:		0x0

Process Information:
	New Process ID:		0xf1c
	New Process Name:	C
	Token Elevation Type:	%%1936
	Mandatory Label:		S-1-16-16384
	Creator Process ID:	0x4e8
	Creator Process Name:	C
	Process Command Line:	

Token Elevation Type indicates the type of token that was assigned to the new process in accordance with User Account Control policy.

Type 1 is a full token with no privileges removed or groups disabled.  A full token is only used if User Account Control is disabled or if the user is the built-in Administrator account or a service account.

Type 2 is an elevated token with no privileges removed or groups disabled.  An elevated token is used when User Account Control is enabled and the user chooses to start the program using Run as administrator.  An elevated token is also used when an application is configured to always require administrative privilege or to always require maximum privilege, and the user is a member of the Administrators group.

Type 3 is a limited token with administrative privileges removed and administrative groups disabled.  The limited token is used when User Account Control is enabled, the application does not require administrative privilege, and the user does not choose to start the program using Run as administrator.","Microsoft-Windows-Security-Auditing","System.String[]","4688","12/11/2019 2:21:16 PM","12/11/2019 2:21:16 PM",,,
"4688","ISEC2077-VM01.isec2077.ca","System.Byte[]","54261","(13312)","13312","SuccessAudit","A new process has been created.

Creator Subject:
	Security ID:		S-1-5-18
	Account Name:		ISEC2077-VM01$
	Account Domain:		ISEC2077
	Logon ID:		0x3e7

Target Subject:
	Security ID:		S-1-0-0
	Account Name:		-
	Account Domain:		-
	Logon ID:		0x0

Process Information:
	New Process ID:		0xeec
	New Process Name:	C
	Token Elevation Type:	%%1936
	Mandatory Label:		S-1-16-16384
	Creator Process ID:	0x4e8
	Creator Process Name:	C
	Process Command Line:	

Token Elevation Type indicates the type of token that was assigned to the new process in accordance with User Account Control policy.

Type 1 is a full token with no privileges removed or groups disabled.  A full token is only used if User Account Control is disabled or if the user is the built-in Administrator account or a service account.

Type 2 is an elevated token with no privileges removed or groups disabled.  An elevated token is used when User Account Control is enabled and the user chooses to start the program using Run as administrator.  An elevated token is also used when an application is configured to always require administrative privilege or to always require maximum privilege, and the user is a member of the Administrators group.

Type 3 is a limited token with administrative privileges removed and administrative groups disabled.  The limited token is used when User Account Control is enabled, the application does not require administrative privilege, and the user does not choose to start the program using Run as administrator.","Microsoft-Windows-Security-Auditing","System.String[]","4688","12/11/2019 2:21:15 PM","12/11/2019 2:21:15 PM",,,
"4688","ISEC2077-VM01.isec2077.ca","System.Byte[]","54260","(13312)","13312","SuccessAudit","A new process has been created.

Creator Subject:
	Security ID:		S-1-5-18
	Account Name:		ISEC2077-VM01$
	Account Domain:		ISEC2077
	Logon ID:		0x3e7

Target Subject:
	Security ID:		S-1-0-0
	Account Name:		-
	Account Domain:		-
	Logon ID:		0x0

Process Information:
	New Process ID:		0xbe4
	New Process Name:	C
	Token Elevation Type:	%%1936
	Mandatory Label:		S-1-16-16384
	Creator Process ID:	0x4e8
	Creator Process Name:	C
	Process Command Line:	

Token Elevation Type indicates the type of token that was assigned to the new process in accordance with User Account Control policy.

Type 1 is a full token with no privileges removed or groups disabled.  A full token is only used if User Account Control is disabled or if the user is the built-in Administrator account or a service account.

Type 2 is an elevated token with no privileges removed or groups disabled.  An elevated token is used when User Account Control is enabled and the user chooses to start the program using Run as administrator.  An elevated token is also used when an application is configured to always require administrative privilege or to always require maximum privilege, and the user is a member of the Administrators group.

Type 3 is a limited token with administrative privileges removed and administrative groups disabled.  The limited token is used when User Account Control is enabled, the application does not require administrative privilege, and the user does not choose to start the program using Run as administrator.","Microsoft-Windows-Security-Auditing","System.String[]","4688","12/11/2019 2:21:15 PM","12/11/2019 2:21:15 PM",,,
"4688","ISEC2077-VM01.isec2077.ca","System.Byte[]","54259","(13312)","13312","SuccessAudit","A new process has been created.

Creator Subject:
	Security ID:		S-1-5-18
	Account Name:		ISEC2077-VM01$
	Account Domain:		ISEC2077
	Logon ID:		0x3e7

Target Subject:
	Security ID:		S-1-0-0
	Account Name:		-
	Account Domain:		-
	Logon ID:		0x0

Process Information:
	New Process ID:		0xdd8
	New Process Name:	C
	Token Elevation Type:	%%1936
	Mandatory Label:		S-1-16-16384
	Creator Process ID:	0x4e8
	Creator Process Name:	C
	Process Command Line:	

Token Elevation Type indicates the type of token that was assigned to the new process in accordance with User Account Control policy.

Type 1 is a full token with no privileges removed or groups disabled.  A full token is only used if User Account Control is disabled or if the user is the built-in Administrator account or a service account.

Type 2 is an elevated token with no privileges removed or groups disabled.  An elevated token is used when User Account Control is enabled and the user chooses to start the program using Run as administrator.  An elevated token is also used when an application is configured to always require administrative privilege or to always require maximum privilege, and the user is a member of the Administrators group.

Type 3 is a limited token with administrative privileges removed and administrative groups disabled.  The limited token is used when User Account Control is enabled, the application does not require administrative privilege, and the user does not choose to start the program using Run as administrator.","Microsoft-Windows-Security-Auditing","System.String[]","4688","12/11/2019 2:21:15 PM","12/11/2019 2:21:15 PM",,,
"4688","ISEC2077-VM01.isec2077.ca","System.Byte[]","54258","(13312)","13312","SuccessAudit","A new process has been created.

Creator Subject:
	Security ID:		S-1-5-18
	Account Name:		ISEC2077-VM01$
	Account Domain:		ISEC2077
	Logon ID:		0x3e7

Target Subject:
	Security ID:		S-1-0-0
	Account Name:		-
	Account Domain:		-
	Logon ID:		0x0

Process Information:
	New Process ID:		0xd14
	New Process Name:	C
	Token Elevation Type:	%%1936
	Mandatory Label:		S-1-16-16384
	Creator Process ID:	0x4e8
	Creator Process Name:	C
	Process Command Line:	

Token Elevation Type indicates the type of token that was assigned to the new process in accordance with User Account Control policy.

Type 1 is a full token with no privileges removed or groups disabled.  A full token is only used if User Account Control is disabled or if the user is the built-in Administrator account or a service account.

Type 2 is an elevated token with no privileges removed or groups disabled.  An elevated token is used when User Account Control is enabled and the user chooses to start the program using Run as administrator.  An elevated token is also used when an application is configured to always require administrative privilege or to always require maximum privilege, and the user is a member of the Administrators group.

Type 3 is a limited token with administrative privileges removed and administrative groups disabled.  The limited token is used when User Account Control is enabled, the application does not require administrative privilege, and the user does not choose to start the program using Run as administrator.","Microsoft-Windows-Security-Auditing","System.String[]","4688","12/11/2019 2:21:15 PM","12/11/2019 2:21:15 PM",,,
"4688","ISEC2077-VM01.isec2077.ca","System.Byte[]","54257","(13312)","13312","SuccessAudit","A new process has been created.

Creator Subject:
	Security ID:		S-1-5-18
	Account Name:		ISEC2077-VM01$
	Account Domain:		ISEC2077
	Logon ID:		0x3e7

Target Subject:
	Security ID:		S-1-0-0
	Account Name:		-
	Account Domain:		-
	Logon ID:		0x0

Process Information:
	New Process ID:		0xd58
	New Process Name:	C
	Token Elevation Type:	%%1936
	Mandatory Label:		S-1-16-16384
	Creator Process ID:	0x4e8
	Creator Process Name:	C
	Process Command Line:	

Token Elevation Type indicates the type of token that was assigned to the new process in accordance with User Account Control policy.

Type 1 is a full token with no privileges removed or groups disabled.  A full token is only used if User Account Control is disabled or if the user is the built-in Administrator account or a service account.

Type 2 is an elevated token with no privileges removed or groups disabled.  An elevated token is used when User Account Control is enabled and the user chooses to start the program using Run as administrator.  An elevated token is also used when an application is configured to always require administrative privilege or to always require maximum privilege, and the user is a member of the Administrators group.

Type 3 is a limited token with administrative privileges removed and administrative groups disabled.  The limited token is used when User Account Control is enabled, the application does not require administrative privilege, and the user does not choose to start the program using Run as administrator.","Microsoft-Windows-Security-Auditing","System.String[]","4688","12/11/2019 2:21:15 PM","12/11/2019 2:21:15 PM",,,
"4688","ISEC2077-VM01.isec2077.ca","System.Byte[]","54256","(13312)","13312","SuccessAudit","A new process has been created.

Creator Subject:
	Security ID:		S-1-5-18
	Account Name:		ISEC2077-VM01$
	Account Domain:		ISEC2077
	Logon ID:		0x3e7

Target Subject:
	Security ID:		S-1-0-0
	Account Name:		-
	Account Domain:		-
	Logon ID:		0x0

Process Information:
	New Process ID:		0xd20
	New Process Name:	C
	Token Elevation Type:	%%1936
	Mandatory Label:		S-1-16-16384
	Creator Process ID:	0x4e8
	Creator Process Name:	C
	Process Command Line:	

Token Elevation Type indicates the type of token that was assigned to the new process in accordance with User Account Control policy.

Type 1 is a full token with no privileges removed or groups disabled.  A full token is only used if User Account Control is disabled or if the user is the built-in Administrator account or a service account.

Type 2 is an elevated token with no privileges removed or groups disabled.  An elevated token is used when User Account Control is enabled and the user chooses to start the program using Run as administrator.  An elevated token is also used when an application is configured to always require administrative privilege or to always require maximum privilege, and the user is a member of the Administrators group.

Type 3 is a limited token with administrative privileges removed and administrative groups disabled.  The limited token is used when User Account Control is enabled, the application does not require administrative privilege, and the user does not choose to start the program using Run as administrator.","Microsoft-Windows-Security-Auditing","System.String[]","4688","12/11/2019 2:21:14 PM","12/11/2019 2:21:14 PM",,,
"4634","ISEC2077-VM01.isec2077.ca","System.Byte[]","54255","(12545)","12545","SuccessAudit","An account was logged off.

Subject:
	Security ID:		S-1-5-18
	Account Name:		ISEC2077-VM01$
	Account Domain:		ISEC2077
	Logon ID:		0x60aaa

Logon Type:			3

This event is generated when a logon session is destroyed. It may be positively correlated with a logon event using the Logon ID value. Logon IDs are only unique between reboots on the same computer.","Microsoft-Windows-Security-Auditing","System.String[]","4634","12/11/2019 2:21:14 PM","12/11/2019 2:21:14 PM",,,
"4634","ISEC2077-VM01.isec2077.ca","System.Byte[]","54254","(12545)","12545","SuccessAudit","An account was logged off.

Subject:
	Security ID:		S-1-5-18
	Account Name:		ISEC2077-VM01$
	Account Domain:		ISEC2077
	Logon ID:		0x5f8cf

Logon Type:			3

This event is generated when a logon session is destroyed. It may be positively correlated with a logon event using the Logon ID value. Logon IDs are only unique between reboots on the same computer.","Microsoft-Windows-Security-Auditing","System.String[]","4634","12/11/2019 2:21:14 PM","12/11/2019 2:21:14 PM",,,
"4634","ISEC2077-VM01.isec2077.ca","System.Byte[]","54253","(12545)","12545","SuccessAudit","An account was logged off.

Subject:
	Security ID:		S-1-5-18
	Account Name:		ISEC2077-VM01$
	Account Domain:		ISEC2077
	Logon ID:		0x5f9ce

Logon Type:			3

This event is generated when a logon session is destroyed. It may be positively correlated with a logon event using the Logon ID value. Logon IDs are only unique between reboots on the same computer.","Microsoft-Windows-Security-Auditing","System.String[]","4634","12/11/2019 2:21:14 PM","12/11/2019 2:21:14 PM",,,
"4624","ISEC2077-VM01.isec2077.ca","System.Byte[]","54252","(12544)","12544","SuccessAudit","An account was successfully logged on.

Subject:
	Security ID:		S-1-0-0
	Account Name:		-
	Account Domain:		-
	Logon ID:		0x0

Logon Information:
	Logon Type:		3
	Restricted Admin Mode:	-
	Virtual Account:		%%1843
	Elevated Token:		%%1842

Impersonation Level:		%%1833

New Logon:
	Security ID:		S-1-5-18
	Account Name:		ISEC2077-VM01$
	Account Domain:		ISEC2077.CA
	Logon ID:		0x60aaa
	Linked Logon ID:		0x0
	Network Account Name:	-
	Network Account Domain:	-
	Logon GUID:		{DE5D9669-7171-DC7D-5459-08874D1AF8EA}

Process Information:
	Process ID:		0x0
	Process Name:		-

Network Information:
	Workstation Name:	-
	Source Network Address:	::1
	Source Port:		0

Detailed Authentication Information:
	Logon Process:		Kerberos
	Authentication Package:	Kerberos
	Transited Services:	-
	Package Name (NTLM only):	-
	Key Length:		0

This event is generated when a logon session is created. It is generated on the computer that was accessed.

The subject fields indicate the account on the local system which requested the logon. This is most commonly a service such as the Server service, or a local process such as Winlogon.exe or Services.exe.

The logon type field indicates the kind of logon that occurred. The most common types are 2 (interactive) and 3 (network).

The New Logon fields indicate the account for whom the new logon was created, i.e. the account that was logged on.

The network fields indicate where a remote logon request originated. Workstation name is not always available and may be left blank in some cases.

The impersonation level field indicates the extent to which a process in the logon session can impersonate.

The authentication information fields provide detailed information about this specific logon request.
	- Logon GUID is a unique identifier that can be used to correlate this event with a KDC event.
	- Transited services indicate which intermediate services have participated in this logon request.
	- Package name indicates which sub-protocol was used among the NTLM protocols.
	- Key length indicates the length of the generated session key. This will be 0 if no session key was requested.","Microsoft-Windows-Security-Auditing","System.String[]","4624","12/11/2019 2:21:14 PM","12/11/2019 2:21:14 PM",,,
"4672","ISEC2077-VM01.isec2077.ca","System.Byte[]","54251","(12548)","12548","SuccessAudit","Special privileges assigned to new logon.

Subject:
	Security ID:		S-1-5-18
	Account Name:		ISEC2077-VM01$
	Account Domain:		ISEC2077
	Logon ID:		0x60aaa

Privileges:		SeSecurityPrivilege
			SeBackupPrivilege
			SeRestorePrivilege
			SeTakeOwnershipPrivilege
			SeDebugPrivilege
			SeSystemEnvironmentPrivilege
			SeLoadDriverPrivilege
			SeImpersonatePrivilege
			SeDelegateSessionUserImpersonatePrivilege
			SeEnableDelegationPrivilege","Microsoft-Windows-Security-Auditing","System.String[]","4672","12/11/2019 2:21:14 PM","12/11/2019 2:21:14 PM",,,
"4688","ISEC2077-VM01.isec2077.ca","System.Byte[]","54250","(13312)","13312","SuccessAudit","A new process has been created.

Creator Subject:
	Security ID:		S-1-5-18
	Account Name:		ISEC2077-VM01$
	Account Domain:		ISEC2077
	Logon ID:		0x3e7

Target Subject:
	Security ID:		S-1-0-0
	Account Name:		-
	Account Domain:		-
	Logon ID:		0x0

Process Information:
	New Process ID:		0xfd0
	New Process Name:	C
	Token Elevation Type:	%%1936
	Mandatory Label:		S-1-16-16384
	Creator Process ID:	0x4e8
	Creator Process Name:	C
	Process Command Line:	

Token Elevation Type indicates the type of token that was assigned to the new process in accordance with User Account Control policy.

Type 1 is a full token with no privileges removed or groups disabled.  A full token is only used if User Account Control is disabled or if the user is the built-in Administrator account or a service account.

Type 2 is an elevated token with no privileges removed or groups disabled.  An elevated token is used when User Account Control is enabled and the user chooses to start the program using Run as administrator.  An elevated token is also used when an application is configured to always require administrative privilege or to always require maximum privilege, and the user is a member of the Administrators group.

Type 3 is a limited token with administrative privileges removed and administrative groups disabled.  The limited token is used when User Account Control is enabled, the application does not require administrative privilege, and the user does not choose to start the program using Run as administrator.","Microsoft-Windows-Security-Auditing","System.String[]","4688","12/11/2019 2:21:14 PM","12/11/2019 2:21:14 PM",,,
"4624","ISEC2077-VM01.isec2077.ca","System.Byte[]","54249","(12544)","12544","SuccessAudit","An account was successfully logged on.

Subject:
	Security ID:		S-1-0-0
	Account Name:		-
	Account Domain:		-
	Logon ID:		0x0

Logon Information:
	Logon Type:		3
	Restricted Admin Mode:	-
	Virtual Account:		%%1843
	Elevated Token:		%%1842

Impersonation Level:		%%1833

New Logon:
	Security ID:		S-1-5-18
	Account Name:		ISEC2077-VM01$
	Account Domain:		ISEC2077.CA
	Logon ID:		0x5f9ce
	Linked Logon ID:		0x0
	Network Account Name:	-
	Network Account Domain:	-
	Logon GUID:		{78FCA5FF-A1CD-7D23-BE0D-6D99BA9F4F26}

Process Information:
	Process ID:		0x0
	Process Name:		-

Network Information:
	Workstation Name:	-
	Source Network Address:	2001:0:34f1:8072:1814:3961:3f57:2f9b
	Source Port:		49709

Detailed Authentication Information:
	Logon Process:		Kerberos
	Authentication Package:	Kerberos
	Transited Services:	-
	Package Name (NTLM only):	-
	Key Length:		0

This event is generated when a logon session is created. It is generated on the computer that was accessed.

The subject fields indicate the account on the local system which requested the logon. This is most commonly a service such as the Server service, or a local process such as Winlogon.exe or Services.exe.

The logon type field indicates the kind of logon that occurred. The most common types are 2 (interactive) and 3 (network).

The New Logon fields indicate the account for whom the new logon was created, i.e. the account that was logged on.

The network fields indicate where a remote logon request originated. Workstation name is not always available and may be left blank in some cases.

The impersonation level field indicates the extent to which a process in the logon session can impersonate.

The authentication information fields provide detailed information about this specific logon request.
	- Logon GUID is a unique identifier that can be used to correlate this event with a KDC event.
	- Transited services indicate which intermediate services have participated in this logon request.
	- Package name indicates which sub-protocol was used among the NTLM protocols.
	- Key length indicates the length of the generated session key. This will be 0 if no session key was requested.","Microsoft-Windows-Security-Auditing","System.String[]","4624","12/11/2019 2:21:14 PM","12/11/2019 2:21:14 PM",,,
"4672","ISEC2077-VM01.isec2077.ca","System.Byte[]","54248","(12548)","12548","SuccessAudit","Special privileges assigned to new logon.

Subject:
	Security ID:		S-1-5-18
	Account Name:		ISEC2077-VM01$
	Account Domain:		ISEC2077
	Logon ID:		0x5f9ce

Privileges:		SeSecurityPrivilege
			SeBackupPrivilege
			SeRestorePrivilege
			SeTakeOwnershipPrivilege
			SeDebugPrivilege
			SeSystemEnvironmentPrivilege
			SeLoadDriverPrivilege
			SeImpersonatePrivilege
			SeDelegateSessionUserImpersonatePrivilege
			SeEnableDelegationPrivilege","Microsoft-Windows-Security-Auditing","System.String[]","4672","12/11/2019 2:21:14 PM","12/11/2019 2:21:14 PM",,,
"4624","ISEC2077-VM01.isec2077.ca","System.Byte[]","54247","(12544)","12544","SuccessAudit","An account was successfully logged on.

Subject:
	Security ID:		S-1-0-0
	Account Name:		-
	Account Domain:		-
	Logon ID:		0x0

Logon Information:
	Logon Type:		3
	Restricted Admin Mode:	-
	Virtual Account:		%%1843
	Elevated Token:		%%1842

Impersonation Level:		%%1833

New Logon:
	Security ID:		S-1-5-18
	Account Name:		ISEC2077-VM01$
	Account Domain:		ISEC2077.CA
	Logon ID:		0x5f8cf
	Linked Logon ID:		0x0
	Network Account Name:	-
	Network Account Domain:	-
	Logon GUID:		{DE5D9669-7171-DC7D-5459-08874D1AF8EA}

Process Information:
	Process ID:		0x0
	Process Name:		-

Network Information:
	Workstation Name:	-
	Source Network Address:	::1
	Source Port:		0

Detailed Authentication Information:
	Logon Process:		Kerberos
	Authentication Package:	Kerberos
	Transited Services:	-
	Package Name (NTLM only):	-
	Key Length:		0

This event is generated when a logon session is created. It is generated on the computer that was accessed.

The subject fields indicate the account on the local system which requested the logon. This is most commonly a service such as the Server service, or a local process such as Winlogon.exe or Services.exe.

The logon type field indicates the kind of logon that occurred. The most common types are 2 (interactive) and 3 (network).

The New Logon fields indicate the account for whom the new logon was created, i.e. the account that was logged on.

The network fields indicate where a remote logon request originated. Workstation name is not always available and may be left blank in some cases.

The impersonation level field indicates the extent to which a process in the logon session can impersonate.

The authentication information fields provide detailed information about this specific logon request.
	- Logon GUID is a unique identifier that can be used to correlate this event with a KDC event.
	- Transited services indicate which intermediate services have participated in this logon request.
	- Package name indicates which sub-protocol was used among the NTLM protocols.
	- Key length indicates the length of the generated session key. This will be 0 if no session key was requested.","Microsoft-Windows-Security-Auditing","System.String[]","4624","12/11/2019 2:21:13 PM","12/11/2019 2:21:13 PM",,,
"4672","ISEC2077-VM01.isec2077.ca","System.Byte[]","54246","(12548)","12548","SuccessAudit","Special privileges assigned to new logon.

Subject:
	Security ID:		S-1-5-18
	Account Name:		ISEC2077-VM01$
	Account Domain:		ISEC2077
	Logon ID:		0x5f8cf

Privileges:		SeSecurityPrivilege
			SeBackupPrivilege
			SeRestorePrivilege
			SeTakeOwnershipPrivilege
			SeDebugPrivilege
			SeSystemEnvironmentPrivilege
			SeLoadDriverPrivilege
			SeImpersonatePrivilege
			SeDelegateSessionUserImpersonatePrivilege
			SeEnableDelegationPrivilege","Microsoft-Windows-Security-Auditing","System.String[]","4672","12/11/2019 2:21:13 PM","12/11/2019 2:21:13 PM",,,
"4769","ISEC2077-VM01.isec2077.ca","System.Byte[]","54245","(14337)","14337","SuccessAudit","A Kerberos service ticket was requested.

Account Information:
	Account Name:		ISEC2077-VM01$@ISEC2077.CA
	Account Domain:		ISEC2077.CA
	Logon GUID:		{46AA6DA8-DEEC-BEB8-E917-B8FFD4AC3A58}

Service Information:
	Service Name:		ISEC2077-VM01$
	Service ID:		S-1-5-21-3317395696-3792474407-1077275257-1001

Network Information:
	Client Address:		::1
	Client Port:		0

Additional Information:
	Ticket Options:		0x40810000
	Ticket Encryption Type:	0x12
	Failure Code:		0x0
	Transited Services:	-

This event is generated every time access is requested to a resource such as a computer or a Windows service.  The service name indicates the resource to which access was requested.

This event can be correlated with Windows logon events by comparing the Logon GUID fields in each event.  The logon event occurs on the machine that was accessed, which is often a different machine than the domain controller which issued the service ticket.

Ticket options, encryption types, and failure codes are defined in RFC 4120.","Microsoft-Windows-Security-Auditing","System.String[]","4769","12/11/2019 2:21:13 PM","12/11/2019 2:21:13 PM",,,
"4624","ISEC2077-VM01.isec2077.ca","System.Byte[]","54244","(12544)","12544","SuccessAudit","An account was successfully logged on.

Subject:
	Security ID:		S-1-0-0
	Account Name:		-
	Account Domain:		-
	Logon ID:		0x0

Logon Information:
	Logon Type:		3
	Restricted Admin Mode:	-
	Virtual Account:		%%1843
	Elevated Token:		%%1842

Impersonation Level:		%%1833

New Logon:
	Security ID:		S-1-5-18
	Account Name:		ISEC2077-VM01$
	Account Domain:		ISEC2077.CA
	Logon ID:		0x5f677
	Linked Logon ID:		0x0
	Network Account Name:	-
	Network Account Domain:	-
	Logon GUID:		{0BAE087F-023D-39C5-F458-CF4854F7A5A6}

Process Information:
	Process ID:		0x0
	Process Name:		-

Network Information:
	Workstation Name:	-
	Source Network Address:	fe80::4563:b16d:72b8:c063
	Source Port:		49708

Detailed Authentication Information:
	Logon Process:		Kerberos
	Authentication Package:	Kerberos
	Transited Services:	-
	Package Name (NTLM only):	-
	Key Length:		0

This event is generated when a logon session is created. It is generated on the computer that was accessed.

The subject fields indicate the account on the local system which requested the logon. This is most commonly a service such as the Server service, or a local process such as Winlogon.exe or Services.exe.

The logon type field indicates the kind of logon that occurred. The most common types are 2 (interactive) and 3 (network).

The New Logon fields indicate the account for whom the new logon was created, i.e. the account that was logged on.

The network fields indicate where a remote logon request originated. Workstation name is not always available and may be left blank in some cases.

The impersonation level field indicates the extent to which a process in the logon session can impersonate.

The authentication information fields provide detailed information about this specific logon request.
	- Logon GUID is a unique identifier that can be used to correlate this event with a KDC event.
	- Transited services indicate which intermediate services have participated in this logon request.
	- Package name indicates which sub-protocol was used among the NTLM protocols.
	- Key length indicates the length of the generated session key. This will be 0 if no session key was requested.","Microsoft-Windows-Security-Auditing","System.String[]","4624","12/11/2019 2:21:13 PM","12/11/2019 2:21:13 PM",,,
"4672","ISEC2077-VM01.isec2077.ca","System.Byte[]","54243","(12548)","12548","SuccessAudit","Special privileges assigned to new logon.

Subject:
	Security ID:		S-1-5-18
	Account Name:		ISEC2077-VM01$
	Account Domain:		ISEC2077
	Logon ID:		0x5f677

Privileges:		SeSecurityPrivilege
			SeBackupPrivilege
			SeRestorePrivilege
			SeTakeOwnershipPrivilege
			SeDebugPrivilege
			SeSystemEnvironmentPrivilege
			SeLoadDriverPrivilege
			SeImpersonatePrivilege
			SeDelegateSessionUserImpersonatePrivilege
			SeEnableDelegationPrivilege","Microsoft-Windows-Security-Auditing","System.String[]","4672","12/11/2019 2:21:13 PM","12/11/2019 2:21:13 PM",,,
"4624","ISEC2077-VM01.isec2077.ca","System.Byte[]","54242","(12544)","12544","SuccessAudit","An account was successfully logged on.

Subject:
	Security ID:		S-1-0-0
	Account Name:		-
	Account Domain:		-
	Logon ID:		0x0

Logon Information:
	Logon Type:		3
	Restricted Admin Mode:	-
	Virtual Account:		%%1843
	Elevated Token:		%%1842

Impersonation Level:		%%1833

New Logon:
	Security ID:		S-1-5-18
	Account Name:		ISEC2077-VM01$
	Account Domain:		ISEC2077.CA
	Logon ID:		0x5f39b
	Linked Logon ID:		0x0
	Network Account Name:	-
	Network Account Domain:	-
	Logon GUID:		{0BAE087F-023D-39C5-F458-CF4854F7A5A6}

Process Information:
	Process ID:		0x0
	Process Name:		-

Network Information:
	Workstation Name:	-
	Source Network Address:	fe80::4563:b16d:72b8:c063
	Source Port:		49706

Detailed Authentication Information:
	Logon Process:		Kerberos
	Authentication Package:	Kerberos
	Transited Services:	-
	Package Name (NTLM only):	-
	Key Length:		0

This event is generated when a logon session is created. It is generated on the computer that was accessed.

The subject fields indicate the account on the local system which requested the logon. This is most commonly a service such as the Server service, or a local process such as Winlogon.exe or Services.exe.

The logon type field indicates the kind of logon that occurred. The most common types are 2 (interactive) and 3 (network).

The New Logon fields indicate the account for whom the new logon was created, i.e. the account that was logged on.

The network fields indicate where a remote logon request originated. Workstation name is not always available and may be left blank in some cases.

The impersonation level field indicates the extent to which a process in the logon session can impersonate.

The authentication information fields provide detailed information about this specific logon request.
	- Logon GUID is a unique identifier that can be used to correlate this event with a KDC event.
	- Transited services indicate which intermediate services have participated in this logon request.
	- Package name indicates which sub-protocol was used among the NTLM protocols.
	- Key length indicates the length of the generated session key. This will be 0 if no session key was requested.","Microsoft-Windows-Security-Auditing","System.String[]","4624","12/11/2019 2:21:13 PM","12/11/2019 2:21:13 PM",,,
"4672","ISEC2077-VM01.isec2077.ca","System.Byte[]","54241","(12548)","12548","SuccessAudit","Special privileges assigned to new logon.

Subject:
	Security ID:		S-1-5-18
	Account Name:		ISEC2077-VM01$
