#TYPE System.Diagnostics.EventLogEntry#Security/Microsoft-Windows-Security-Auditing/4688
"EventID","MachineName","Data","Index","Category","CategoryNumber","EntryType","Message","Source","ReplacementStrings","InstanceId","TimeGenerated","TimeWritten","UserName","Site","Container"
"4688","ISEC2077-VM01.isec2077.ca","System.Byte[]","54669","(13312)","13312","SuccessAudit","A new process has been created.

Creator Subject:
	Security ID:		S-1-5-18
	Account Name:		ISEC2077-VM01$
	Account Domain:		ISEC2077
	Logon ID:		0x3e7

Target Subject:
	Security ID:		S-1-0-0
	Account Name:		-
	Account Domain:		-
	Logon ID:		0x0

Process Information:
	New Process ID:		0x1630
	New Process Name:	C
	Token Elevation Type:	%%1936
	Mandatory Label:		S-1-16-16384
	Creator Process ID:	0x4e8
	Creator Process Name:	C
	Process Command Line:	

Token Elevation Type indicates the type of token that was assigned to the new process in accordance with User Account Control policy.

Type 1 is a full token with no privileges removed or groups disabled.  A full token is only used if User Account Control is disabled or if the user is the built-in Administrator account or a service account.

Type 2 is an elevated token with no privileges removed or groups disabled.  An elevated token is used when User Account Control is enabled and the user chooses to start the program using Run as administrator.  An elevated token is also used when an application is configured to always require administrative privilege or to always require maximum privilege, and the user is a member of the Administrators group.

Type 3 is a limited token with administrative privileges removed and administrative groups disabled.  The limited token is used when User Account Control is enabled, the application does not require administrative privilege, and the user does not choose to start the program using Run as administrator.","Microsoft-Windows-Security-Auditing","System.String[]","4688","12/11/2019 2:27:11 PM","12/11/2019 2:27:11 PM",,,
"4688","ISEC2077-VM01.isec2077.ca","System.Byte[]","54668","(13312)","13312","SuccessAudit","A new process has been created.

Creator Subject:
	Security ID:		S-1-5-18
	Account Name:		ISEC2077-VM01$
	Account Domain:		ISEC2077
	Logon ID:		0x3e7

Target Subject:
	Security ID:		S-1-0-0
	Account Name:		-
	Account Domain:		-
	Logon ID:		0x0

Process Information:
	New Process ID:		0xc84
	New Process Name:	C
	Token Elevation Type:	%%1936
	Mandatory Label:		S-1-16-16384
	Creator Process ID:	0x4e8
	Creator Process Name:	C
	Process Command Line:	

Token Elevation Type indicates the type of token that was assigned to the new process in accordance with User Account Control policy.

Type 1 is a full token with no privileges removed or groups disabled.  A full token is only used if User Account Control is disabled or if the user is the built-in Administrator account or a service account.

Type 2 is an elevated token with no privileges removed or groups disabled.  An elevated token is used when User Account Control is enabled and the user chooses to start the program using Run as administrator.  An elevated token is also used when an application is configured to always require administrative privilege or to always require maximum privilege, and the user is a member of the Administrators group.

Type 3 is a limited token with administrative privileges removed and administrative groups disabled.  The limited token is used when User Account Control is enabled, the application does not require administrative privilege, and the user does not choose to start the program using Run as administrator.","Microsoft-Windows-Security-Auditing","System.String[]","4688","12/11/2019 2:27:11 PM","12/11/2019 2:27:11 PM",,,
"4688","ISEC2077-VM01.isec2077.ca","System.Byte[]","54667","(13312)","13312","SuccessAudit","A new process has been created.

Creator Subject:
	Security ID:		S-1-5-18
	Account Name:		ISEC2077-VM01$
	Account Domain:		ISEC2077
	Logon ID:		0x3e7

Target Subject:
	Security ID:		S-1-0-0
	Account Name:		-
	Account Domain:		-
	Logon ID:		0x0

Process Information:
	New Process ID:		0x15d8
	New Process Name:	C
	Token Elevation Type:	%%1936
	Mandatory Label:		S-1-16-16384
	Creator Process ID:	0x4e8
	Creator Process Name:	C
	Process Command Line:	

Token Elevation Type indicates the type of token that was assigned to the new process in accordance with User Account Control policy.

Type 1 is a full token with no privileges removed or groups disabled.  A full token is only used if User Account Control is disabled or if the user is the built-in Administrator account or a service account.

Type 2 is an elevated token with no privileges removed or groups disabled.  An elevated token is used when User Account Control is enabled and the user chooses to start the program using Run as administrator.  An elevated token is also used when an application is configured to always require administrative privilege or to always require maximum privilege, and the user is a member of the Administrators group.

Type 3 is a limited token with administrative privileges removed and administrative groups disabled.  The limited token is used when User Account Control is enabled, the application does not require administrative privilege, and the user does not choose to start the program using Run as administrator.","Microsoft-Windows-Security-Auditing","System.String[]","4688","12/11/2019 2:27:10 PM","12/11/2019 2:27:10 PM",,,
"4688","ISEC2077-VM01.isec2077.ca","System.Byte[]","54666","(13312)","13312","SuccessAudit","A new process has been created.

Creator Subject:
	Security ID:		S-1-5-18
	Account Name:		ISEC2077-VM01$
	Account Domain:		ISEC2077
	Logon ID:		0x3e7

Target Subject:
	Security ID:		S-1-0-0
	Account Name:		-
	Account Domain:		-
	Logon ID:		0x0

Process Information:
	New Process ID:		0x1760
	New Process Name:	C
	Token Elevation Type:	%%1936
	Mandatory Label:		S-1-16-16384
	Creator Process ID:	0x4e8
	Creator Process Name:	C
	Process Command Line:	

Token Elevation Type indicates the type of token that was assigned to the new process in accordance with User Account Control policy.

Type 1 is a full token with no privileges removed or groups disabled.  A full token is only used if User Account Control is disabled or if the user is the built-in Administrator account or a service account.

Type 2 is an elevated token with no privileges removed or groups disabled.  An elevated token is used when User Account Control is enabled and the user chooses to start the program using Run as administrator.  An elevated token is also used when an application is configured to always require administrative privilege or to always require maximum privilege, and the user is a member of the Administrators group.

Type 3 is a limited token with administrative privileges removed and administrative groups disabled.  The limited token is used when User Account Control is enabled, the application does not require administrative privilege, and the user does not choose to start the program using Run as administrator.","Microsoft-Windows-Security-Auditing","System.String[]","4688","12/11/2019 2:27:10 PM","12/11/2019 2:27:10 PM",,,
"4688","ISEC2077-VM01.isec2077.ca","System.Byte[]","54665","(13312)","13312","SuccessAudit","A new process has been created.

Creator Subject:
	Security ID:		S-1-5-18
	Account Name:		ISEC2077-VM01$
	Account Domain:		ISEC2077
	Logon ID:		0x3e7

Target Subject:
	Security ID:		S-1-0-0
	Account Name:		-
	Account Domain:		-
	Logon ID:		0x0

Process Information:
	New Process ID:		0x9ec
	New Process Name:	C
	Token Elevation Type:	%%1936
	Mandatory Label:		S-1-16-16384
	Creator Process ID:	0x4e8
	Creator Process Name:	C
	Process Command Line:	

Token Elevation Type indicates the type of token that was assigned to the new process in accordance with User Account Control policy.

Type 1 is a full token with no privileges removed or groups disabled.  A full token is only used if User Account Control is disabled or if the user is the built-in Administrator account or a service account.

Type 2 is an elevated token with no privileges removed or groups disabled.  An elevated token is used when User Account Control is enabled and the user chooses to start the program using Run as administrator.  An elevated token is also used when an application is configured to always require administrative privilege or to always require maximum privilege, and the user is a member of the Administrators group.

Type 3 is a limited token with administrative privileges removed and administrative groups disabled.  The limited token is used when User Account Control is enabled, the application does not require administrative privilege, and the user does not choose to start the program using Run as administrator.","Microsoft-Windows-Security-Auditing","System.String[]","4688","12/11/2019 2:27:09 PM","12/11/2019 2:27:09 PM",,,
"4688","ISEC2077-VM01.isec2077.ca","System.Byte[]","54664","(13312)","13312","SuccessAudit","A new process has been created.

Creator Subject:
	Security ID:		S-1-5-18
	Account Name:		ISEC2077-VM01$
	Account Domain:		ISEC2077
	Logon ID:		0x3e7

Target Subject:
	Security ID:		S-1-0-0
	Account Name:		Administrator
	Account Domain:		ISEC2077
	Logon ID:		0xac2ee

Process Information:
	New Process ID:		0x1520
	New Process Name:	C
	Token Elevation Type:	%%1936
	Mandatory Label:		S-1-16-12288
	Creator Process ID:	0x310
	Creator Process Name:	C
	Process Command Line:	

Token Elevation Type indicates the type of token that was assigned to the new process in accordance with User Account Control policy.

Type 1 is a full token with no privileges removed or groups disabled.  A full token is only used if User Account Control is disabled or if the user is the built-in Administrator account or a service account.

Type 2 is an elevated token with no privileges removed or groups disabled.  An elevated token is used when User Account Control is enabled and the user chooses to start the program using Run as administrator.  An elevated token is also used when an application is configured to always require administrative privilege or to always require maximum privilege, and the user is a member of the Administrators group.

Type 3 is a limited token with administrative privileges removed and administrative groups disabled.  The limited token is used when User Account Control is enabled, the application does not require administrative privilege, and the user does not choose to start the program using Run as administrator.","Microsoft-Windows-Security-Auditing","System.String[]","4688","12/11/2019 2:27:06 PM","12/11/2019 2:27:06 PM",,,
"4688","ISEC2077-VM01.isec2077.ca","System.Byte[]","54663","(13312)","13312","SuccessAudit","A new process has been created.

Creator Subject:
	Security ID:		S-1-5-18
	Account Name:		ISEC2077-VM01$
	Account Domain:		ISEC2077
	Logon ID:		0x3e7

Target Subject:
	Security ID:		S-1-0-0
	Account Name:		Administrator
	Account Domain:		ISEC2077
	Logon ID:		0xac2ee

Process Information:
	New Process ID:		0xcc0
	New Process Name:	C
	Token Elevation Type:	%%1936
	Mandatory Label:		S-1-16-12288
	Creator Process ID:	0x518
	Creator Process Name:	C
	Process Command Line:	

Token Elevation Type indicates the type of token that was assigned to the new process in accordance with User Account Control policy.

Type 1 is a full token with no privileges removed or groups disabled.  A full token is only used if User Account Control is disabled or if the user is the built-in Administrator account or a service account.

Type 2 is an elevated token with no privileges removed or groups disabled.  An elevated token is used when User Account Control is enabled and the user chooses to start the program using Run as administrator.  An elevated token is also used when an application is configured to always require administrative privilege or to always require maximum privilege, and the user is a member of the Administrators group.

Type 3 is a limited token with administrative privileges removed and administrative groups disabled.  The limited token is used when User Account Control is enabled, the application does not require administrative privilege, and the user does not choose to start the program using Run as administrator.","Microsoft-Windows-Security-Auditing","System.String[]","4688","12/11/2019 2:27:06 PM","12/11/2019 2:27:06 PM",,,
"4688","ISEC2077-VM01.isec2077.ca","System.Byte[]","54662","(13312)","13312","SuccessAudit","A new process has been created.

Creator Subject:
	Security ID:		S-1-5-18
	Account Name:		ISEC2077-VM01$
	Account Domain:		ISEC2077
	Logon ID:		0x3e7

Target Subject:
	Security ID:		S-1-0-0
	Account Name:		-
	Account Domain:		-
	Logon ID:		0x0

Process Information:
	New Process ID:		0x1784
	New Process Name:	C
	Token Elevation Type:	%%1936
	Mandatory Label:		S-1-16-16384
	Creator Process ID:	0x4e8
	Creator Process Name:	C
	Process Command Line:	

Token Elevation Type indicates the type of token that was assigned to the new process in accordance with User Account Control policy.

Type 1 is a full token with no privileges removed or groups disabled.  A full token is only used if User Account Control is disabled or if the user is the built-in Administrator account or a service account.

Type 2 is an elevated token with no privileges removed or groups disabled.  An elevated token is used when User Account Control is enabled and the user chooses to start the program using Run as administrator.  An elevated token is also used when an application is configured to always require administrative privilege or to always require maximum privilege, and the user is a member of the Administrators group.

Type 3 is a limited token with administrative privileges removed and administrative groups disabled.  The limited token is used when User Account Control is enabled, the application does not require administrative privilege, and the user does not choose to start the program using Run as administrator.","Microsoft-Windows-Security-Auditing","System.String[]","4688","12/11/2019 2:27:06 PM","12/11/2019 2:27:06 PM",,,
"4688","ISEC2077-VM01.isec2077.ca","System.Byte[]","54661","(13312)","13312","SuccessAudit","A new process has been created.

Creator Subject:
	Security ID:		S-1-5-18
	Account Name:		ISEC2077-VM01$
	Account Domain:		ISEC2077
	Logon ID:		0x3e7

Target Subject:
	Security ID:		S-1-0-0
	Account Name:		-
	Account Domain:		-
	Logon ID:		0x0

Process Information:
	New Process ID:		0xce8
	New Process Name:	C
	Token Elevation Type:	%%1936
	Mandatory Label:		S-1-16-16384
	Creator Process ID:	0x4e8
	Creator Process Name:	C
	Process Command Line:	

Token Elevation Type indicates the type of token that was assigned to the new process in accordance with User Account Control policy.

Type 1 is a full token with no privileges removed or groups disabled.  A full token is only used if User Account Control is disabled or if the user is the built-in Administrator account or a service account.

Type 2 is an elevated token with no privileges removed or groups disabled.  An elevated token is used when User Account Control is enabled and the user chooses to start the program using Run as administrator.  An elevated token is also used when an application is configured to always require administrative privilege or to always require maximum privilege, and the user is a member of the Administrators group.

Type 3 is a limited token with administrative privileges removed and administrative groups disabled.  The limited token is used when User Account Control is enabled, the application does not require administrative privilege, and the user does not choose to start the program using Run as administrator.","Microsoft-Windows-Security-Auditing","System.String[]","4688","12/11/2019 2:27:05 PM","12/11/2019 2:27:05 PM",,,
"4688","ISEC2077-VM01.isec2077.ca","System.Byte[]","54660","(13312)","13312","SuccessAudit","A new process has been created.

Creator Subject:
	Security ID:		S-1-5-18
	Account Name:		ISEC2077-VM01$
	Account Domain:		ISEC2077
	Logon ID:		0x3e7

Target Subject:
	Security ID:		S-1-0-0
	Account Name:		-
	Account Domain:		-
	Logon ID:		0x0

Process Information:
	New Process ID:		0x17c4
	New Process Name:	C
	Token Elevation Type:	%%1936
	Mandatory Label:		S-1-16-16384
	Creator Process ID:	0x4e8
	Creator Process Name:	C
	Process Command Line:	

Token Elevation Type indicates the type of token that was assigned to the new process in accordance with User Account Control policy.

Type 1 is a full token with no privileges removed or groups disabled.  A full token is only used if User Account Control is disabled or if the user is the built-in Administrator account or a service account.

Type 2 is an elevated token with no privileges removed or groups disabled.  An elevated token is used when User Account Control is enabled and the user chooses to start the program using Run as administrator.  An elevated token is also used when an application is configured to always require administrative privilege or to always require maximum privilege, and the user is a member of the Administrators group.

Type 3 is a limited token with administrative privileges removed and administrative groups disabled.  The limited token is used when User Account Control is enabled, the application does not require administrative privilege, and the user does not choose to start the program using Run as administrator.","Microsoft-Windows-Security-Auditing","System.String[]","4688","12/11/2019 2:26:59 PM","12/11/2019 2:26:59 PM",,,
"4688","ISEC2077-VM01.isec2077.ca","System.Byte[]","54659","(13312)","13312","SuccessAudit","A new process has been created.

Creator Subject:
	Security ID:		S-1-5-18
	Account Name:		ISEC2077-VM01$
	Account Domain:		ISEC2077
	Logon ID:		0x3e7

Target Subject:
	Security ID:		S-1-0-0
	Account Name:		-
	Account Domain:		-
	Logon ID:		0x0

Process Information:
	New Process ID:		0x13c4
	New Process Name:	C
	Token Elevation Type:	%%1936
	Mandatory Label:		S-1-16-16384
	Creator Process ID:	0x4e8
	Creator Process Name:	C
	Process Command Line:	

Token Elevation Type indicates the type of token that was assigned to the new process in accordance with User Account Control policy.

Type 1 is a full token with no privileges removed or groups disabled.  A full token is only used if User Account Control is disabled or if the user is the built-in Administrator account or a service account.

Type 2 is an elevated token with no privileges removed or groups disabled.  An elevated token is used when User Account Control is enabled and the user chooses to start the program using Run as administrator.  An elevated token is also used when an application is configured to always require administrative privilege or to always require maximum privilege, and the user is a member of the Administrators group.

Type 3 is a limited token with administrative privileges removed and administrative groups disabled.  The limited token is used when User Account Control is enabled, the application does not require administrative privilege, and the user does not choose to start the program using Run as administrator.","Microsoft-Windows-Security-Auditing","System.String[]","4688","12/11/2019 2:26:55 PM","12/11/2019 2:26:55 PM",,,
"4688","ISEC2077-VM01.isec2077.ca","System.Byte[]","54658","(13312)","13312","SuccessAudit","A new process has been created.

Creator Subject:
	Security ID:		S-1-5-18
	Account Name:		ISEC2077-VM01$
	Account Domain:		ISEC2077
	Logon ID:		0x3e7

Target Subject:
	Security ID:		S-1-0-0
	Account Name:		-
	Account Domain:		-
	Logon ID:		0x0

Process Information:
	New Process ID:		0xc78
	New Process Name:	C
	Token Elevation Type:	%%1936
	Mandatory Label:		S-1-16-16384
	Creator Process ID:	0x4e8
	Creator Process Name:	C
	Process Command Line:	

Token Elevation Type indicates the type of token that was assigned to the new process in accordance with User Account Control policy.

Type 1 is a full token with no privileges removed or groups disabled.  A full token is only used if User Account Control is disabled or if the user is the built-in Administrator account or a service account.

Type 2 is an elevated token with no privileges removed or groups disabled.  An elevated token is used when User Account Control is enabled and the user chooses to start the program using Run as administrator.  An elevated token is also used when an application is configured to always require administrative privilege or to always require maximum privilege, and the user is a member of the Administrators group.

Type 3 is a limited token with administrative privileges removed and administrative groups disabled.  The limited token is used when User Account Control is enabled, the application does not require administrative privilege, and the user does not choose to start the program using Run as administrator.","Microsoft-Windows-Security-Auditing","System.String[]","4688","12/11/2019 2:26:53 PM","12/11/2019 2:26:53 PM",,,
"4688","ISEC2077-VM01.isec2077.ca","System.Byte[]","54657","(13312)","13312","SuccessAudit","A new process has been created.

Creator Subject:
	Security ID:		S-1-5-18
	Account Name:		ISEC2077-VM01$
	Account Domain:		ISEC2077
	Logon ID:		0x3e7

Target Subject:
	Security ID:		S-1-0-0
	Account Name:		-
	Account Domain:		-
	Logon ID:		0x0

Process Information:
	New Process ID:		0xc74
	New Process Name:	C
	Token Elevation Type:	%%1936
	Mandatory Label:		S-1-16-16384
	Creator Process ID:	0x4e8
	Creator Process Name:	C
	Process Command Line:	

Token Elevation Type indicates the type of token that was assigned to the new process in accordance with User Account Control policy.

Type 1 is a full token with no privileges removed or groups disabled.  A full token is only used if User Account Control is disabled or if the user is the built-in Administrator account or a service account.

Type 2 is an elevated token with no privileges removed or groups disabled.  An elevated token is used when User Account Control is enabled and the user chooses to start the program using Run as administrator.  An elevated token is also used when an application is configured to always require administrative privilege or to always require maximum privilege, and the user is a member of the Administrators group.

Type 3 is a limited token with administrative privileges removed and administrative groups disabled.  The limited token is used when User Account Control is enabled, the application does not require administrative privilege, and the user does not choose to start the program using Run as administrator.","Microsoft-Windows-Security-Auditing","System.String[]","4688","12/11/2019 2:26:53 PM","12/11/2019 2:26:53 PM",,,
"4634","ISEC2077-VM01.isec2077.ca","System.Byte[]","54656","(12545)","12545","SuccessAudit","An account was logged off.

Subject:
	Security ID:		S-1-5-18
	Account Name:		ISEC2077-VM01$
	Account Domain:		ISEC2077
	Logon ID:		0x25e03c

Logon Type:			3

This event is generated when a logon session is destroyed. It may be positively correlated with a logon event using the Logon ID value. Logon IDs are only unique between reboots on the same computer.","Microsoft-Windows-Security-Auditing","System.String[]","4634","12/11/2019 2:26:52 PM","12/11/2019 2:26:52 PM",,,
"4624","ISEC2077-VM01.isec2077.ca","System.Byte[]","54655","(12544)","12544","SuccessAudit","An account was successfully logged on.

Subject:
	Security ID:		S-1-0-0
	Account Name:		-
	Account Domain:		-
	Logon ID:		0x0

Logon Information:
	Logon Type:		3
	Restricted Admin Mode:	-
	Virtual Account:		%%1843
	Elevated Token:		%%1842

Impersonation Level:		%%1833

New Logon:
	Security ID:		S-1-5-18
	Account Name:		ISEC2077-VM01$
	Account Domain:		ISEC2077.CA
	Logon ID:		0x25e03c
	Linked Logon ID:		0x0
	Network Account Name:	-
	Network Account Domain:	-
	Logon GUID:		{B34C2C51-F927-E3A7-742E-A8544A9000E3}

Process Information:
	Process ID:		0x0
	Process Name:		-

Network Information:
	Workstation Name:	-
	Source Network Address:	::1
	Source Port:		60180

Detailed Authentication Information:
	Logon Process:		Kerberos
	Authentication Package:	Kerberos
	Transited Services:	-
	Package Name (NTLM only):	-
	Key Length:		0

This event is generated when a logon session is created. It is generated on the computer that was accessed.

The subject fields indicate the account on the local system which requested the logon. This is most commonly a service such as the Server service, or a local process such as Winlogon.exe or Services.exe.

The logon type field indicates the kind of logon that occurred. The most common types are 2 (interactive) and 3 (network).

The New Logon fields indicate the account for whom the new logon was created, i.e. the account that was logged on.

The network fields indicate where a remote logon request originated. Workstation name is not always available and may be left blank in some cases.

The impersonation level field indicates the extent to which a process in the logon session can impersonate.

The authentication information fields provide detailed information about this specific logon request.
	- Logon GUID is a unique identifier that can be used to correlate this event with a KDC event.
	- Transited services indicate which intermediate services have participated in this logon request.
	- Package name indicates which sub-protocol was used among the NTLM protocols.
	- Key length indicates the length of the generated session key. This will be 0 if no session key was requested.","Microsoft-Windows-Security-Auditing","System.String[]","4624","12/11/2019 2:26:52 PM","12/11/2019 2:26:52 PM",,,
"4672","ISEC2077-VM01.isec2077.ca","System.Byte[]","54654","(12548)","12548","SuccessAudit","Special privileges assigned to new logon.

Subject:
	Security ID:		S-1-5-18
	Account Name:		ISEC2077-VM01$
	Account Domain:		ISEC2077
	Logon ID:		0x25e03c

Privileges:		SeSecurityPrivilege
			SeBackupPrivilege
			SeRestorePrivilege
			SeTakeOwnershipPrivilege
			SeDebugPrivilege
			SeSystemEnvironmentPrivilege
			SeLoadDriverPrivilege
			SeImpersonatePrivilege
			SeDelegateSessionUserImpersonatePrivilege
			SeEnableDelegationPrivilege","Microsoft-Windows-Security-Auditing","System.String[]","4672","12/11/2019 2:26:52 PM","12/11/2019 2:26:52 PM",,,
"4688","ISEC2077-VM01.isec2077.ca","System.Byte[]","54653","(13312)","13312","SuccessAudit","A new process has been created.

Creator Subject:
	Security ID:		S-1-5-18
	Account Name:		ISEC2077-VM01$
	Account Domain:		ISEC2077
	Logon ID:		0x3e7

Target Subject:
	Security ID:		S-1-0-0
	Account Name:		-
	Account Domain:		-
	Logon ID:		0x0

Process Information:
	New Process ID:		0x350
	New Process Name:	C
	Token Elevation Type:	%%1936
	Mandatory Label:		S-1-16-16384
	Creator Process ID:	0x4e8
	Creator Process Name:	C
	Process Command Line:	

Token Elevation Type indicates the type of token that was assigned to the new process in accordance with User Account Control policy.

Type 1 is a full token with no privileges removed or groups disabled.  A full token is only used if User Account Control is disabled or if the user is the built-in Administrator account or a service account.

Type 2 is an elevated token with no privileges removed or groups disabled.  An elevated token is used when User Account Control is enabled and the user chooses to start the program using Run as administrator.  An elevated token is also used when an application is configured to always require administrative privilege or to always require maximum privilege, and the user is a member of the Administrators group.

Type 3 is a limited token with administrative privileges removed and administrative groups disabled.  The limited token is used when User Account Control is enabled, the application does not require administrative privilege, and the user does not choose to start the program using Run as administrator.","Microsoft-Windows-Security-Auditing","System.String[]","4688","12/11/2019 2:26:48 PM","12/11/2019 2:26:48 PM",,,
"4688","ISEC2077-VM01.isec2077.ca","System.Byte[]","54652","(13312)","13312","SuccessAudit","A new process has been created.

Creator Subject:
	Security ID:		S-1-5-18
	Account Name:		ISEC2077-VM01$
	Account Domain:		ISEC2077
	Logon ID:		0x3e7

Target Subject:
	Security ID:		S-1-0-0
	Account Name:		-
	Account Domain:		-
	Logon ID:		0x0

Process Information:
	New Process ID:		0x10fc
	New Process Name:	C
	Token Elevation Type:	%%1936
	Mandatory Label:		S-1-16-16384
	Creator Process ID:	0x310
	Creator Process Name:	C
	Process Command Line:	

Token Elevation Type indicates the type of token that was assigned to the new process in accordance with User Account Control policy.

Type 1 is a full token with no privileges removed or groups disabled.  A full token is only used if User Account Control is disabled or if the user is the built-in Administrator account or a service account.

Type 2 is an elevated token with no privileges removed or groups disabled.  An elevated token is used when User Account Control is enabled and the user chooses to start the program using Run as administrator.  An elevated token is also used when an application is configured to always require administrative privilege or to always require maximum privilege, and the user is a member of the Administrators group.

Type 3 is a limited token with administrative privileges removed and administrative groups disabled.  The limited token is used when User Account Control is enabled, the application does not require administrative privilege, and the user does not choose to start the program using Run as administrator.","Microsoft-Windows-Security-Auditing","System.String[]","4688","12/11/2019 2:26:46 PM","12/11/2019 2:26:46 PM",,,
"4688","ISEC2077-VM01.isec2077.ca","System.Byte[]","54651","(13312)","13312","SuccessAudit","A new process has been created.

Creator Subject:
	Security ID:		S-1-5-18
	Account Name:		ISEC2077-VM01$
	Account Domain:		ISEC2077
	Logon ID:		0x3e7

Target Subject:
	Security ID:		S-1-0-0
	Account Name:		-
	Account Domain:		-
	Logon ID:		0x0

Process Information:
	New Process ID:		0x15e8
	New Process Name:	C
	Token Elevation Type:	%%1936
	Mandatory Label:		S-1-16-16384
	Creator Process ID:	0x260
	Creator Process Name:	C
	Process Command Line:	

Token Elevation Type indicates the type of token that was assigned to the new process in accordance with User Account Control policy.

Type 1 is a full token with no privileges removed or groups disabled.  A full token is only used if User Account Control is disabled or if the user is the built-in Administrator account or a service account.

Type 2 is an elevated token with no privileges removed or groups disabled.  An elevated token is used when User Account Control is enabled and the user chooses to start the program using Run as administrator.  An elevated token is also used when an application is configured to always require administrative privilege or to always require maximum privilege, and the user is a member of the Administrators group.

Type 3 is a limited token with administrative privileges removed and administrative groups disabled.  The limited token is used when User Account Control is enabled, the application does not require administrative privilege, and the user does not choose to start the program using Run as administrator.","Microsoft-Windows-Security-Auditing","System.String[]","4688","12/11/2019 2:26:46 PM","12/11/2019 2:26:46 PM",,,
"4672","ISEC2077-VM01.isec2077.ca","System.Byte[]","54650","(12548)","12548","SuccessAudit","Special privileges assigned to new logon.

Subject:
	Security ID:		S-1-5-18
	Account Name:		SYSTEM
	Account Domain:		NT AUTHORITY
	Logon ID:		0x3e7

Privileges:		SeAssignPrimaryTokenPrivilege
			SeTcbPrivilege
			SeSecurityPrivilege
			SeTakeOwnershipPrivilege
			SeLoadDriverPrivilege
			SeBackupPrivilege
			SeRestorePrivilege
			SeDebugPrivilege
			SeAuditPrivilege
			SeSystemEnvironmentPrivilege
			SeImpersonatePrivilege
			SeDelegateSessionUserImpersonatePrivilege","Microsoft-Windows-Security-Auditing","System.String[]","4672","12/11/2019 2:26:46 PM","12/11/2019 2:26:46 PM",,,
"4624","ISEC2077-VM01.isec2077.ca","System.Byte[]","54649","(12544)","12544","SuccessAudit","An account was successfully logged on.

Subject:
	Security ID:		S-1-5-18
	Account Name:		ISEC2077-VM01$
	Account Domain:		ISEC2077
	Logon ID:		0x3e7

Logon Information:
	Logon Type:		5
	Restricted Admin Mode:	-
	Virtual Account:		%%1843
	Elevated Token:		%%1842

Impersonation Level:		%%1833

New Logon:
	Security ID:		S-1-5-18
	Account Name:		SYSTEM
	Account Domain:		NT AUTHORITY
	Logon ID:		0x3e7
	Linked Logon ID:		0x0
	Network Account Name:	-
	Network Account Domain:	-
	Logon GUID:		{00000000-0000-0000-0000-000000000000}

Process Information:
	Process ID:		0x260
	Process Name:		C:\Windows\System32\services.exe

Network Information:
	Workstation Name:	-
	Source Network Address:	-
	Source Port:		-

Detailed Authentication Information:
	Logon Process:		Advapi  
	Authentication Package:	Negotiate
	Transited Services:	-
	Package Name (NTLM only):	-
	Key Length:		0

This event is generated when a logon session is created. It is generated on the computer that was accessed.

The subject fields indicate the account on the local system which requested the logon. This is most commonly a service such as the Server service, or a local process such as Winlogon.exe or Services.exe.

The logon type field indicates the kind of logon that occurred. The most common types are 2 (interactive) and 3 (network).

The New Logon fields indicate the account for whom the new logon was created, i.e. the account that was logged on.

The network fields indicate where a remote logon request originated. Workstation name is not always available and may be left blank in some cases.

The impersonation level field indicates the extent to which a process in the logon session can impersonate.

The authentication information fields provide detailed information about this specific logon request.
	- Logon GUID is a unique identifier that can be used to correlate this event with a KDC event.
	- Transited services indicate which intermediate services have participated in this logon request.
	- Package name indicates which sub-protocol was used among the NTLM protocols.
	- Key length indicates the length of the generated session key. This will be 0 if no session key was requested.","Microsoft-Windows-Security-Auditing","System.String[]","4624","12/11/2019 2:26:46 PM","12/11/2019 2:26:46 PM",,,
"4688","ISEC2077-VM01.isec2077.ca","System.Byte[]","54648","(13312)","13312","SuccessAudit","A new process has been created.

Creator Subject:
	Security ID:		S-1-5-18
	Account Name:		ISEC2077-VM01$
	Account Domain:		ISEC2077
	Logon ID:		0x3e7

Target Subject:
	Security ID:		S-1-0-0
	Account Name:		-
	Account Domain:		-
	Logon ID:		0x0

Process Information:
	New Process ID:		0xba0
	New Process Name:	C
	Token Elevation Type:	%%1936
	Mandatory Label:		S-1-16-16384
	Creator Process ID:	0x4e8
	Creator Process Name:	C
	Process Command Line:	

Token Elevation Type indicates the type of token that was assigned to the new process in accordance with User Account Control policy.

Type 1 is a full token with no privileges removed or groups disabled.  A full token is only used if User Account Control is disabled or if the user is the built-in Administrator account or a service account.

Type 2 is an elevated token with no privileges removed or groups disabled.  An elevated token is used when User Account Control is enabled and the user chooses to start the program using Run as administrator.  An elevated token is also used when an application is configured to always require administrative privilege or to always require maximum privilege, and the user is a member of the Administrators group.

Type 3 is a limited token with administrative privileges removed and administrative groups disabled.  The limited token is used when User Account Control is enabled, the application does not require administrative privilege, and the user does not choose to start the program using Run as administrator.","Microsoft-Windows-Security-Auditing","System.String[]","4688","12/11/2019 2:26:44 PM","12/11/2019 2:26:44 PM",,,
"4688","ISEC2077-VM01.isec2077.ca","System.Byte[]","54647","(13312)","13312","SuccessAudit","A new process has been created.

Creator Subject:
	Security ID:		S-1-5-18
	Account Name:		ISEC2077-VM01$
	Account Domain:		ISEC2077
	Logon ID:		0x3e7

Target Subject:
	Security ID:		S-1-0-0
	Account Name:		-
	Account Domain:		-
	Logon ID:		0x0

Process Information:
	New Process ID:		0x3c0
	New Process Name:	C
	Token Elevation Type:	%%1936
	Mandatory Label:		S-1-16-16384
	Creator Process ID:	0x4e8
	Creator Process Name:	C
	Process Command Line:	

Token Elevation Type indicates the type of token that was assigned to the new process in accordance with User Account Control policy.

Type 1 is a full token with no privileges removed or groups disabled.  A full token is only used if User Account Control is disabled or if the user is the built-in Administrator account or a service account.

Type 2 is an elevated token with no privileges removed or groups disabled.  An elevated token is used when User Account Control is enabled and the user chooses to start the program using Run as administrator.  An elevated token is also used when an application is configured to always require administrative privilege or to always require maximum privilege, and the user is a member of the Administrators group.

Type 3 is a limited token with administrative privileges removed and administrative groups disabled.  The limited token is used when User Account Control is enabled, the application does not require administrative privilege, and the user does not choose to start the program using Run as administrator.","Microsoft-Windows-Security-Auditing","System.String[]","4688","12/11/2019 2:26:43 PM","12/11/2019 2:26:43 PM",,,
"4688","ISEC2077-VM01.isec2077.ca","System.Byte[]","54646","(13312)","13312","SuccessAudit","A new process has been created.

Creator Subject:
	Security ID:		S-1-5-18
	Account Name:		ISEC2077-VM01$
	Account Domain:		ISEC2077
	Logon ID:		0x3e7

Target Subject:
	Security ID:		S-1-0-0
	Account Name:		-
	Account Domain:		-
	Logon ID:		0x0

Process Information:
	New Process ID:		0x1408
	New Process Name:	C
	Token Elevation Type:	%%1936
	Mandatory Label:		S-1-16-16384
	Creator Process ID:	0x4e8
	Creator Process Name:	C
	Process Command Line:	

Token Elevation Type indicates the type of token that was assigned to the new process in accordance with User Account Control policy.

Type 1 is a full token with no privileges removed or groups disabled.  A full token is only used if User Account Control is disabled or if the user is the built-in Administrator account or a service account.

Type 2 is an elevated token with no privileges removed or groups disabled.  An elevated token is used when User Account Control is enabled and the user chooses to start the program using Run as administrator.  An elevated token is also used when an application is configured to always require administrative privilege or to always require maximum privilege, and the user is a member of the Administrators group.

Type 3 is a limited token with administrative privileges removed and administrative groups disabled.  The limited token is used when User Account Control is enabled, the application does not require administrative privilege, and the user does not choose to start the program using Run as administrator.","Microsoft-Windows-Security-Auditing","System.String[]","4688","12/11/2019 2:26:37 PM","12/11/2019 2:26:37 PM",,,
"4688","ISEC2077-VM01.isec2077.ca","System.Byte[]","54645","(13312)","13312","SuccessAudit","A new process has been created.

Creator Subject:
	Security ID:		S-1-5-18
	Account Name:		ISEC2077-VM01$
	Account Domain:		ISEC2077
	Logon ID:		0x3e7

Target Subject:
	Security ID:		S-1-0-0
	Account Name:		-
	Account Domain:		-
	Logon ID:		0x0

Process Information:
	New Process ID:		0x1144
	New Process Name:	C
	Token Elevation Type:	%%1936
	Mandatory Label:		S-1-16-16384
	Creator Process ID:	0x4e8
	Creator Process Name:	C
	Process Command Line:	

Token Elevation Type indicates the type of token that was assigned to the new process in accordance with User Account Control policy.

Type 1 is a full token with no privileges removed or groups disabled.  A full token is only used if User Account Control is disabled or if the user is the built-in Administrator account or a service account.

Type 2 is an elevated token with no privileges removed or groups disabled.  An elevated token is used when User Account Control is enabled and the user chooses to start the program using Run as administrator.  An elevated token is also used when an application is configured to always require administrative privilege or to always require maximum privilege, and the user is a member of the Administrators group.

Type 3 is a limited token with administrative privileges removed and administrative groups disabled.  The limited token is used when User Account Control is enabled, the application does not require administrative privilege, and the user does not choose to start the program using Run as administrator.","Microsoft-Windows-Security-Auditing","System.String[]","4688","12/11/2019 2:26:36 PM","12/11/2019 2:26:36 PM",,,
"4688","ISEC2077-VM01.isec2077.ca","System.Byte[]","54644","(13312)","13312","SuccessAudit","A new process has been created.

Creator Subject:
	Security ID:		S-1-5-18
	Account Name:		ISEC2077-VM01$
	Account Domain:		ISEC2077
	Logon ID:		0x3e7

Target Subject:
	Security ID:		S-1-0-0
	Account Name:		-
	Account Domain:		-
	Logon ID:		0x0

Process Information:
	New Process ID:		0xcbc
	New Process Name:	C
	Token Elevation Type:	%%1936
	Mandatory Label:		S-1-16-16384
	Creator Process ID:	0x4e8
	Creator Process Name:	C
	Process Command Line:	

Token Elevation Type indicates the type of token that was assigned to the new process in accordance with User Account Control policy.

Type 1 is a full token with no privileges removed or groups disabled.  A full token is only used if User Account Control is disabled or if the user is the built-in Administrator account or a service account.

Type 2 is an elevated token with no privileges removed or groups disabled.  An elevated token is used when User Account Control is enabled and the user chooses to start the program using Run as administrator.  An elevated token is also used when an application is configured to always require administrative privilege or to always require maximum privilege, and the user is a member of the Administrators group.

Type 3 is a limited token with administrative privileges removed and administrative groups disabled.  The limited token is used when User Account Control is enabled, the application does not require administrative privilege, and the user does not choose to start the program using Run as administrator.","Microsoft-Windows-Security-Auditing","System.String[]","4688","12/11/2019 2:26:33 PM","12/11/2019 2:26:33 PM",,,
"4688","ISEC2077-VM01.isec2077.ca","System.Byte[]","54643","(13312)","13312","SuccessAudit","A new process has been created.

Creator Subject:
	Security ID:		S-1-5-18
	Account Name:		ISEC2077-VM01$
	Account Domain:		ISEC2077
	Logon ID:		0x3e7

Target Subject:
	Security ID:		S-1-0-0
	Account Name:		-
	Account Domain:		-
	Logon ID:		0x0

Process Information:
	New Process ID:		0x1778
	New Process Name:	C
	Token Elevation Type:	%%1936
	Mandatory Label:		S-1-16-16384
	Creator Process ID:	0x4e8
	Creator Process Name:	C
	Process Command Line:	

Token Elevation Type indicates the type of token that was assigned to the new process in accordance with User Account Control policy.

Type 1 is a full token with no privileges removed or groups disabled.  A full token is only used if User Account Control is disabled or if the user is the built-in Administrator account or a service account.

Type 2 is an elevated token with no privileges removed or groups disabled.  An elevated token is used when User Account Control is enabled and the user chooses to start the program using Run as administrator.  An elevated token is also used when an application is configured to always require administrative privilege or to always require maximum privilege, and the user is a member of the Administrators group.

Type 3 is a limited token with administrative privileges removed and administrative groups disabled.  The limited token is used when User Account Control is enabled, the application does not require administrative privilege, and the user does not choose to start the program using Run as administrator.","Microsoft-Windows-Security-Auditing","System.String[]","4688","12/11/2019 2:26:32 PM","12/11/2019 2:26:32 PM",,,
"4634","ISEC2077-VM01.isec2077.ca","System.Byte[]","54642","(12545)","12545","SuccessAudit","An account was logged off.

Subject:
	Security ID:		S-1-5-18
	Account Name:		ISEC2077-VM01$
	Account Domain:		ISEC2077
	Logon ID:		0x247d10

Logon Type:			3

This event is generated when a logon session is destroyed. It may be positively correlated with a logon event using the Logon ID value. Logon IDs are only unique between reboots on the same computer.","Microsoft-Windows-Security-Auditing","System.String[]","4634","12/11/2019 2:26:28 PM","12/11/2019 2:26:28 PM",,,
"4688","ISEC2077-VM01.isec2077.ca","System.Byte[]","54641","(13312)","13312","SuccessAudit","A new process has been created.

Creator Subject:
	Security ID:		S-1-5-18
	Account Name:		ISEC2077-VM01$
	Account Domain:		ISEC2077
	Logon ID:		0x3e7

Target Subject:
	Security ID:		S-1-0-0
	Account Name:		-
	Account Domain:		-
	Logon ID:		0x0

Process Information:
	New Process ID:		0x15ac
	New Process Name:	C
	Token Elevation Type:	%%1936
	Mandatory Label:		S-1-16-16384
	Creator Process ID:	0x4e8
	Creator Process Name:	C
	Process Command Line:	

Token Elevation Type indicates the type of token that was assigned to the new process in accordance with User Account Control policy.

Type 1 is a full token with no privileges removed or groups disabled.  A full token is only used if User Account Control is disabled or if the user is the built-in Administrator account or a service account.

Type 2 is an elevated token with no privileges removed or groups disabled.  An elevated token is used when User Account Control is enabled and the user chooses to start the program using Run as administrator.  An elevated token is also used when an application is configured to always require administrative privilege or to always require maximum privilege, and the user is a member of the Administrators group.

Type 3 is a limited token with administrative privileges removed and administrative groups disabled.  The limited token is used when User Account Control is enabled, the application does not require administrative privilege, and the user does not choose to start the program using Run as administrator.","Microsoft-Windows-Security-Auditing","System.String[]","4688","12/11/2019 2:26:27 PM","12/11/2019 2:26:27 PM",,,
"4688","ISEC2077-VM01.isec2077.ca","System.Byte[]","54640","(13312)","13312","SuccessAudit","A new process has been created.

Creator Subject:
	Security ID:		S-1-5-18
	Account Name:		ISEC2077-VM01$
	Account Domain:		ISEC2077
	Logon ID:		0x3e7

Target Subject:
	Security ID:		S-1-0-0
	Account Name:		-
	Account Domain:		-
	Logon ID:		0x0

Process Information:
	New Process ID:		0x898
	New Process Name:	C
	Token Elevation Type:	%%1936
	Mandatory Label:		S-1-16-16384
	Creator Process ID:	0x4e8
	Creator Process Name:	C
	Process Command Line:	

Token Elevation Type indicates the type of token that was assigned to the new process in accordance with User Account Control policy.

Type 1 is a full token with no privileges removed or groups disabled.  A full token is only used if User Account Control is disabled or if the user is the built-in Administrator account or a service account.

Type 2 is an elevated token with no privileges removed or groups disabled.  An elevated token is used when User Account Control is enabled and the user chooses to start the program using Run as administrator.  An elevated token is also used when an application is configured to always require administrative privilege or to always require maximum privilege, and the user is a member of the Administrators group.

Type 3 is a limited token with administrative privileges removed and administrative groups disabled.  The limited token is used when User Account Control is enabled, the application does not require administrative privilege, and the user does not choose to start the program using Run as administrator.","Microsoft-Windows-Security-Auditing","System.String[]","4688","12/11/2019 2:26:26 PM","12/11/2019 2:26:26 PM",,,
"4688","ISEC2077-VM01.isec2077.ca","System.Byte[]","54639","(13312)","13312","SuccessAudit","A new process has been created.

Creator Subject:
	Security ID:		S-1-5-18
	Account Name:		ISEC2077-VM01$
	Account Domain:		ISEC2077
	Logon ID:		0x3e7

Target Subject:
	Security ID:		S-1-0-0
	Account Name:		-
